4
4
12
8
12
8
12
8
12
12
8
4
2
12
12
4
8
8
2
2
8
8
8
2
4
2
4
4
12
4
2
2
2
6
5
13
7
5
11
5
10
5
1
11
11
3
10
11
5
11
5
1
13
10
11
5
9
13
11
7
3
11
5
7
7
10
10
1
1
11
9
3
3
10
10
10
3
1
3
7
11
9
7
10
11
11
10
7
10
5
5
3
1
7
10
5
13
10
9
5
7
5
10
9
3
9
3
5
1
9
1
7
9
1
7
5
5
3
10
1
5
5
7
3
7
13
10
5
3
3
13
13
9
3
7
11
9
9
11
10
5
9
11
9
1
1
11
6
3
1
13
13
13
7
13
13
3
1
1
1
13
10
6
13
6
5
6
9
13
11
6
10
13
10
1
1
9
5
7
1
6
7
13
9
11
5
1
6
9
13
10
11
3
9
11
3
5
13
9
10
6
3
3
9
7
6
3
6
1
11
6
9
10
9
9
10
5
9
3
7
7
7
10
6
1
6
7
7
13
7
6
13
1
11
9
13
7
13
1
11
11
7
9
3
1
5
6
3
11
6
9
13
6
6
6
10
6
13
13
6
6
3
13
3
7
13
5
11
1
3
11
1
7
6
6
9
6
10
3
5
10
13
6
6
11
1
6
1
13
7
1
3
9
6
3
7
5
11
9
10
