4
1
7
6
2
3
7
11
7
8
8
4
3
8
9
5
9
7
2
8
10
7
2
3
2
9
7
11
8
5
8
11
8
4
5
4
10
6
5
6
5
9
10
7
6
8
3
7
3
1
2
6
11
2
1
5
9
4
10
11
9
3
9
2
4
7
8
11
9
10
1
6
4
10
2
3
2
10
11
10
7
7
2
9
10
8
6
10
9
4
11
4
8
9
4
2
5
4
2
11
1
8
5
8
3
8
1
4
9
9
8
1
10
1
4
11
1
6
3
6
1
8
10
3
9
8
4
2
8
4
8
7
3
2
1
2
3
11
9
9
9
8
5
7
11
1
8
5
2
10
1
3
10
8
7
3
3
5
8
11
11
11
9
10
10
11
1
6
4
7
11
7
9
5
3
9
9
9
3
9
5
10
1
1
4
5
2
4
6
10
1
7
4
11
6
2
5
5
3
6
5
11
5
10
6
8
6
1
10
10
2
9
6
1
2
6
4
4
3
7
1
3
1
11
5
6
7
9
8
7
3
3
1
5
10
2
11
9
5
3
7
4
8
10
11
6
11
11
11
6
11
6
10
6
6
2
7
10
10
9
1
8
3
11
2
6
10
5
3
7
3
2
11
6
1
5
4
6
7
2
2
7
1
6
8
5
2
10
8
11
9
1
5
5
4
4
7
4
3
10
