9
9
6
6
5
9
11
9
8
12
8
1
11
8
11
6
10
9
4
12
10
1
10
12
9
4
1
2
7
3
10
11
8
6
3
5
11
5
3
6
1
7
6
10
1
8
3
5
9
6
6
2
8
1
11
9
1
8
5
9
7
2
12
8
11
8
2
2
1
11
3
4
4
4
5
5
6
4
5
3
5
2
4
12
10
12
2
3
11
1
8
1
6
10
7
3
9
7
7
9
1
1
7
6
5
4
11
8
1
12
11
2
2
12
5
8
10
7
4
2
7
5
3
9
1
5
10
1
5
1
11
6
4
5
6
5
7
3
11
5
4
3
12
3
11
5
9
6
10
2
1
8
9
1
1
1
1
2
1
8
6
7
5
3
12
1
9
2
2
4
7
3
2
5
5
3
7
9
4
12
2
10
3
11
11
7
6
7
5
3
8
7
6
9
8
3
6
9
6
4
7
10
10
2
11
11
12
9
10
2
9
7
4
3
4
10
9
6
10
12
9
7
5
4
10
9
12
7
3
8
7
10
12
5
7
4
12
2
9
11
12
2
8
9
12
10
6
5
1
6
12
12
3
9
4
7
4
6
3
8
3
1
7
8
12
7
5
8
3
11
2
10
1
11
4
6
8
6
12
2
4
10
1
12
7
11
2
7
4
3
9
1
2
2
11
11
11
8
5
9
