5
5
3
8
8
3
3
3
8
8
3
3
8
8
8
3
8
3
3
3
3
8
8
3
3
8
3
8
8
5
5
5
5
5
5
5
5
4
4
6
1
6
9
9
9
10
6
7
10
2
10
6
6
4
6
10
9
6
2
4
9
4
6
6
7
10
10
10
2
1
7
7
10
10
10
10
6
6
9
4
9
9
1
2
2
4
6
7
4
7
6
2
1
6
9
2
1
10
9
7
4
1
9
2
6
1
4
7
7
6
1
1
10
1
1
7
9
7
10
7
9
2
10
2
9
6
7
6
4
9
9
6
6
1
10
6
1
2
6
9
10
7
9
2
4
7
4
1
10
7
7
10
1
6
4
10
9
1
9
10
7
4
6
9
2
1
10
9
10
2
2
10
1
1
2
9
2
9
7
7
1
7
4
7
10
7
1
9
9
7
2
10
7
2
7
1
1
1
9
7
4
9
10
1
4
7
2
7
4
9
6
4
10
2
1
4
6
1
4
9
4
7
10
1
2
4
2
1
7
1
6
9
2
2
2
1
4
2
7
10
9
10
2
6
4
10
6
6
7
7
1
7
10
2
4
10
4
2
1
6
6
6
9
10
1
4
4
2
9
10
6
4
2
1
2
7
1
9
9
4
2
4
4
7
6
7
9
4
6
1
1
2
10
4
6
2
2
4
2
6
