8
9
8
8
9
8
8
3
3
9
9
8
3
8
3
3
3
8
3
9
8
9
8
9
3
3
3
9
9
9
3
9
8
10
4
1
4
4
7
6
4
1
5
7
7
2
5
6
2
7
1
4
2
1
5
7
7
5
6
7
6
2
4
1
2
1
7
6
6
1
6
2
5
4
2
6
7
1
4
5
1
1
2
7
7
4
6
1
4
2
1
2
5
5
2
6
4
1
1
2
4
2
4
6
6
5
6
4
1
2
4
4
6
6
6
2
4
1
1
5
7
6
4
2
5
5
7
1
6
1
1
7
2
1
10
5
4
10
1
5
4
5
1
2
7
10
5
7
6
10
7
6
4
5
7
7
5
7
5
2
7
7
4
1
6
10
7
2
10
1
6
2
2
4
10
4
6
4
10
10
4
1
6
2
10
7
6
2
6
10
5
1
2
7
10
1
7
4
2
10
5
7
10
10
10
10
5
5
10
5
4
10
5
1
10
10
2
10
1
10
10
2
7
4
10
2
6
2
4
10
7
5
4
5
6
10
5
7
1
6
7
7
4
7
4
6
1
6
10
6
2
10
10
2
10
4
1
1
6
5
5
7
5
2
5
5
1
2
6
7
5
5
7
4
5
10
10
6
2
10
4
6
7
2
6
1
6
10
2
1
2
7
4
1
1
10
4
5
10
5
