8
6
11
7
10
8
12
9
3
8
4
4
7
9
6
8
6
8
9
8
12
5
3
10
9
1
1
9
7
5
3
5
7
10
10
11
1
6
6
8
3
10
12
9
11
3
5
11
9
2
11
12
12
7
5
4
1
4
6
8
6
11
6
2
9
12
2
2
10
10
4
12
5
5
4
10
8
4
3
5
3
3
6
2
2
7
2
6
12
2
10
10
3
2
4
1
1
12
8
2
4
5
4
1
3
10
10
3
4
10
10
11
2
9
2
6
4
8
8
4
11
7
4
11
1
12
5
1
3
8
10
8
12
3
12
1
12
9
6
5
8
10
11
3
9
2
4
7
9
1
1
12
5
1
12
5
4
5
5
11
9
7
10
1
7
12
8
8
9
5
4
7
11
7
12
3
8
6
10
3
10
7
1
12
10
11
11
11
4
9
7
4
10
1
12
5
11
1
3
6
12
8
9
6
2
12
11
1
8
12
1
3
2
10
3
5
8
9
1
11
11
4
11
12
5
5
7
3
7
1
9
1
11
9
9
6
5
6
5
5
2
7
6
3
6
6
12
10
2
7
1
1
7
9
7
5
3
5
11
1
9
10
4
2
3
8
11
7
4
9
7
11
6
6
3
2
4
10
4
4
5
7
2
6
12
2
6
12
2
3
6
6
2
11
10
7
7
10
12
9
