6
9
7
7
9
6
3
9
7
7
7
2
3
6
1
3
2
9
9
9
9
6
7
3
6
3
6
6
7
2
3
7
6
3
3
4
4
5
7
3
2
3
4
7
3
9
4
1
4
6
5
1
1
5
1
1
1
5
1
1
5
1
1
5
1
1
5
1
5
1
5
1
5
1
5
1
1
5
5
5
5
1
5
5
5
1
5
5
1
1
5
5
1
1
5
5
5
1
1
1
1
1
1
1
1
1
5
5
5
5
5
5
1
1
1
5
5
5
5
5
7
7
4
7
7
4
4
6
6
7
9
2
9
2
4
4
2
2
6
6
6
3
3
9
2
9
9
3
3
3
7
8
8
8
8
8
8
8
8
8
8
8
8
8
8
8
8
8
8
8
8
8
8
8
8
8
8
8
8
8
8
8
8
8
8
8
8
8
8
8
8
8
8
8
8
8
8
8
8
8
6
6
3
3
1
5
5
6
9
9
2
3
3
5
9
3
4
2
1
9
9
4
3
4
9
3
2
2
6
4
2
3
4
6
6
2
6
4
4
2
4
2
9
4
6
2
2
9
3
2
2
6
1
3
4
4
6
9
5
2
4
4
4
4
2
6
3
3
6
6
2
2
9
9
2
9
4
9
6
9
6
9
9
4
3
2
3
1
2
4
6
4
4
3
2
9
4
6
9
2
