9
3
3
3
3
1
7
1
2
1
6
1
6
2
3
6
9
10
2
1
6
7
1
6
3
2
3
2
9
3
11
6
11
11
9
9
5
6
9
3
10
7
5
7
2
9
7
6
2
9
11
11
11
7
3
9
11
6
9
5
3
5
6
11
9
1
2
1
2
9
9
6
5
3
1
1
2
6
6
1
3
10
7
5
5
2
11
5
7
10
11
6
10
3
10
2
5
5
2
1
1
1
11
5
2
5
6
11
3
5
4
1
5
2
5
10
1
9
6
7
5
10
5
9
7
7
9
7
11
2
11
10
11
10
8
6
3
8
3
11
5
11
10
8
5
10
6
10
11
10
11
10
11
5
10
2
4
5
1
9
9
11
3
7
7
9
4
6
5
7
1
7
9
11
5
10
7
8
10
7
10
10
9
1
10
11
3
10
10
7
2
11
6
10
4
2
5
5
7
7
4
7
7
8
9
1
11
7
10
7
2
10
7
8
5
8
4
4
4
8
4
4
8
8
8
8
6
8
4
4
4
4
8
4
8
8
4
8
4
4
4
4
4
4
4
4
8
4
4
4
4
8
8
4
4
8
8
8
4
4
8
8
4
4
8
8
8
8
8
8
8
4
8
8
8
8
4
4
8
7
8
8
8
5
8
4
4
8
8
4
4
4
4
8
8
4
4
4
8
8
