8
10
9
10
10
8
9
12
9
12
10
9
9
12
9
12
8
8
8
12
12
9
9
8
10
10
10
12
8
12
4
1
11
5
7
7
7
6
1
7
7
2
2
2
7
3
4
2
2
11
3
1
6
4
4
2
1
7
1
1
5
3
1
5
2
1
1
3
3
11
11
2
11
11
1
7
3
2
4
2
7
11
6
3
6
3
2
3
6
6
6
1
7
3
5
6
6
3
5
1
5
4
5
5
6
6
1
4
11
4
11
11
11
6
4
1
4
6
1
5
6
5
7
7
4
11
11
1
6
7
1
6
3
11
2
7
11
3
6
4
5
2
6
6
2
5
4
2
4
7
5
11
7
7
5
4
5
5
3
3
6
1
6
1
3
6
2
2
7
7
7
4
2
2
3
2
4
3
11
3
7
2
11
6
1
3
7
5
7
3
4
5
3
4
6
3
11
5
11
4
5
11
7
1
6
2
3
6
11
11
6
7
3
1
4
1
1
4
2
7
4
11
5
11
3
4
5
1
4
6
2
7
1
6
11
2
2
11
6
4
6
5
2
6
6
4
1
2
11
7
1
5
3
2
4
4
3
7
11
7
5
11
3
11
11
4
3
5
11
4
7
2
7
2
4
2
11
1
5
5
1
2
6
5
3
1
3
5
5
1
3
2
1
4
3
1
7
5
5
7
