3
10
11
4
7
6
9
10
11
4
4
8
1
1
4
7
1
3
7
11
5
9
1
4
7
10
6
6
10
2
5
2
10
7
11
3
11
2
2
2
5
1
7
5
8
11
11
3
11
10
6
11
3
11
7
7
7
3
3
10
8
8
9
9
7
3
11
5
11
8
10
11
4
5
8
7
8
6
5
5
3
5
11
3
5
3
9
11
3
7
11
9
10
9
6
1
9
2
8
9
8
9
2
10
1
10
9
7
6
6
9
2
5
2
7
11
7
11
1
8
2
1
4
9
3
9
2
8
6
4
4
3
11
1
6
2
1
3
8
10
2
9
2
11
5
5
6
7
11
5
5
5
4
7
8
5
6
6
7
9
2
7
11
4
1
1
11
4
7
9
1
9
9
1
5
9
2
6
11
11
4
8
6
11
2
9
6
10
4
10
2
10
8
2
1
3
10
10
3
1
1
2
8
5
3
5
9
11
2
5
9
5
8
9
4
4
8
8
1
2
3
4
3
4
2
8
4
6
10
4
7
11
1
4
8
7
4
1
6
1
6
4
5
8
7
10
2
10
3
3
7
1
5
11
7
11
5
10
3
4
4
8
6
1
9
4
5
11
8
6
7
9
2
10
1
3
3
2
6
8
6
8
7
9
10
8
10
8
2
9
1
6
7
9
1
6
10
10
7
10
