4
6
1
5
5
5
7
10
8
10
6
7
4
4
2
4
4
7
9
7
2
1
10
8
9
11
5
7
10
7
1
7
3
8
1
4
5
9
2
10
11
4
7
4
4
1
9
7
8
5
4
6
8
3
5
8
3
9
9
2
3
2
2
10
2
6
9
9
11
11
3
5
5
11
5
4
5
6
1
11
6
9
4
4
11
1
1
9
10
5
8
1
1
10
5
9
2
8
6
3
1
2
7
1
5
9
1
11
3
1
3
7
2
11
7
6
5
10
9
1
11
8
2
8
10
7
3
6
8
6
1
7
10
4
5
6
6
3
2
8
10
2
4
5
3
2
1
8
3
6
9
4
10
7
2
8
11
10
4
11
11
11
2
5
8
9
9
2
9
4
8
1
11
11
7
3
3
8
6
1
6
2
8
7
6
4
1
4
10
11
6
3
3
9
11
1
7
10
8
8
3
8
11
10
8
10
10
2
7
2
6
3
3
3
2
9
5
9
5
10
9
11
9
6
4
11
5
9
7
2
5
10
1
4
9
4
8
3
2
6
6
3
7
2
5
9
11
7
8
7
6
11
3
2
6
11
3
5
9
2
5
6
7
2
7
4
8
6
4
8
11
8
3
2
11
6
10
10
5
11
9
1
3
7
4
3
8
10
7
5
10
8
11
2
8
1
1
1
7
9
