1
8
4
7
2
11
10
9
3
6
5
1
8
4
7
2
11
10
9
3
6
5
1
8
4
7
2
11
10
9
3
6
5
1
8
4
7
2
11
10
9
3
6
5
1
8
4
7
2
11
10
9
3
6
5
1
8
4
7
2
11
10
9
3
6
5
1
8
4
7
2
11
10
9
3
6
5
1
8
4
7
2
11
10
9
3
6
5
1
8
4
7
2
11
10
9
3
6
5
1
8
4
7
2
11
10
9
3
6
5
1
8
4
7
2
11
10
9
3
6
5
1
8
4
7
2
11
10
9
3
6
5
1
8
4
7
2
11
10
9
3
6
5
1
8
4
7
2
11
10
9
3
6
5
1
8
4
7
2
11
10
9
3
6
5
1
8
4
7
2
11
10
9
3
6
5
1
8
4
7
2
11
10
9
3
6
5
1
8
4
7
2
11
10
9
3
6
5
1
8
4
7
2
11
10
9
3
6
5
1
8
4
7
2
11
10
9
3
6
5
1
8
4
7
2
11
10
9
3
6
5
1
8
4
7
2
11
10
9
3
6
5
1
8
4
7
2
11
10
9
3
6
5
1
8
4
7
2
11
10
9
3
6
5
1
8
4
7
2
11
10
9
3
6
5
1
8
4
7
2
11
10
9
3
6
5
1
8
4
7
2
2
10
9
11
10
6
3
11
5
