12
11
9
7
1
10
11
4
7
8
10
7
11
11
8
7
2
3
7
1
10
6
5
6
10
3
12
1
11
6
1
3
12
3
11
11
7
10
4
8
4
8
2
8
5
2
8
10
5
10
10
11
11
5
6
10
1
12
9
4
9
10
12
5
5
11
7
5
5
7
5
9
6
1
6
9
1
3
11
7
3
7
2
8
3
6
3
3
6
6
4
7
5
10
10
7
7
3
7
5
6
5
8
8
8
5
10
11
11
6
9
12
5
3
1
8
2
3
11
8
1
5
10
7
9
9
4
9
11
2
7
11
2
12
7
4
10
5
2
7
6
1
12
4
4
2
5
6
1
10
2
11
10
8
6
12
1
3
5
8
12
3
1
8
11
3
1
1
12
4
1
4
9
12
11
6
8
2
3
7
11
10
11
10
4
1
12
8
2
7
12
4
4
5
8
12
1
4
2
3
5
9
2
9
6
10
9
12
3
12
11
10
9
5
8
2
12
9
1
12
6
9
2
7
10
2
5
6
11
7
9
4
5
6
4
1
10
8
3
9
6
3
8
1
5
9
1
2
7
12
8
4
5
1
2
12
8
3
3
2
5
7
8
6
6
2
4
9
12
3
3
7
4
6
9
1
10
3
10
4
5
6
2
8
4
2
2
9
1
12
11
12
11
4
3
7
7
1
7
4
