7
4
5
3
7
1
4
8
1
2
6
3
3
8
6
7
3
2
5
1
8
7
1
7
3
5
3
5
3
7
4
3
1
3
6
1
5
5
1
1
2
5
1
1
5
7
6
9
8
1
6
8
4
8
3
8
4
6
6
9
5
4
4
6
2
9
3
8
2
9
4
5
7
8
3
8
8
3
8
2
6
4
2
2
2
3
4
9
6
4
2
5
2
4
5
7
6
7
8
8
7
4
9
4
5
3
7
4
7
1
3
6
4
2
5
1
3
2
3
1
4
5
9
6
6
8
4
9
4
7
1
7
1
9
8
3
6
2
6
5
1
9
2
5
5
9
2
7
6
4
7
4
7
4
5
9
7
3
5
4
7
1
3
6
3
2
7
1
9
2
1
5
9
2
9
6
8
7
4
9
1
7
4
5
4
5
4
7
1
5
2
3
1
9
8
5
8
9
2
9
2
4
5
4
9
4
7
8
9
4
9
4
7
1
9
2
3
6
3
1
9
2
9
8
4
2
4
6
8
5
8
9
1
9
1
7
1
7
1
7
1
7
2
9
6
3
6
3
8
4
6
4
6
8
8
4
9
8
9
8
9
8
9
1
9
1
9
6
9
1
3
6
4
2
4
2
4
2
4
6
4
5
4
5
1
9
1
7
1
5
1
7
8
3
6
3
6
3
6
4
