1
6
6
9
8
3
6
5
8
5
9
5
6
7
7
7
4
3
9
4
7
1
4
8
9
2
6
5
2
2
4
10
7
3
5
8
10
11
7
7
5
11
9
6
10
6
6
4
5
1
9
1
4
2
3
6
11
2
11
9
7
7
1
3
5
7
9
5
5
8
2
11
3
1
3
4
4
8
3
6
4
4
9
7
9
7
11
11
5
8
3
6
8
4
5
8
9
8
9
4
3
9
2
10
9
1
8
3
8
7
1
11
6
2
8
11
4
11
4
2
9
8
2
2
9
9
11
1
5
6
6
7
2
10
1
9
3
4
8
6
4
2
8
3
8
5
11
11
6
4
3
11
9
7
1
1
5
4
4
9
2
6
1
11
2
1
11
5
2
8
2
6
4
8
1
9
7
6
3
9
9
8
3
8
3
1
1
11
5
7
4
4
7
1
7
4
9
1
3
1
7
8
2
9
6
7
11
6
2
3
3
11
2
3
5
3
8
2
5
11
6
6
6
9
7
5
3
5
2
3
4
11
2
1
2
4
1
7
11
11
3
7
4
5
5
11
9
2
7
1
3
9
8
8
1
2
4
9
5
4
6
6
11
7
7
8
6
2
8
1
10
10
10
10
10
10
10
10
10
10
10
10
10
10
10
10
10
10
10
10
10
10
10
10
10
10
10
10
10
10
