6
6
10
4
4
6
10
4
4
10
6
6
4
6
10
4
10
10
4
10
4
6
10
6
4
10
6
4
6
10
10
6
4
9
2
3
5
5
1
2
8
2
8
1
8
8
3
7
1
5
3
8
2
2
3
2
7
7
7
2
5
8
2
5
2
1
5
7
3
3
5
1
8
7
3
5
5
8
1
1
9
9
10
2
5
7
8
8
5
3
7
7
5
1
5
5
7
2
3
1
8
2
3
3
8
7
5
7
8
8
5
1
8
3
1
2
3
5
5
2
3
2
3
5
7
2
3
1
5
2
8
5
1
1
3
2
2
3
8
7
3
5
8
8
5
9
2
2
1
8
9
8
2
1
1
3
7
7
9
9
8
1
2
9
7
7
5
1
8
3
9
1
3
1
1
5
5
9
2
9
7
7
2
1
1
9
3
7
9
9
7
3
3
9
7
8
5
1
1
9
1
1
2
8
8
1
9
9
2
5
9
3
3
7
8
8
2
4
8
1
1
2
9
3
5
7
3
5
9
2
2
7
3
5
5
9
7
9
10
4
4
8
5
8
1
9
7
1
9
2
9
2
7
9
9
9
3
9
3
7
8
8
1
9
3
9
1
7
8
2
9
1
3
1
5
7
8
9
7
9
2
5
7
9
3
8
9
2
7
8
7
9
2
5
3
2
9
8
9
1
3
7
7
2
8
3
5
9
