9
1
1
7
5
3
11
11
6
6
11
6
5
1
3
7
9
9
3
7
4
2
12
4
10
8
12
2
10
8
6
10
1
1
6
2
12
11
7
7
12
1
2
7
2
10
11
12
6
10
3
9
3
5
4
8
5
8
9
4
9
10
1
7
10
1
12
8
4
4
10
1
8
4
12
12
9
9
7
8
3
6
5
11
6
5
2
3
11
2
9
8
12
2
7
11
7
11
6
6
6
9
11
7
12
2
12
8
8
2
4
1
10
4
1
5
5
3
10
3
6
10
9
4
3
2
10
6
11
11
9
3
4
2
10
3
2
11
6
4
7
12
12
1
1
7
8
5
8
5
10
8
12
2
9
10
5
2
7
7
9
10
8
7
5
2
12
8
12
5
6
11
11
3
4
4
3
1
6
1
1
11
11
4
5
3
1
9
10
10
9
10
1
3
3
5
5
11
4
4
7
7
12
12
6
6
2
8
8
2
4
9
12
3
10
9
5
10
1
1
9
10
1
4
5
3
12
5
4
3
2
2
11
11
7
8
6
8
6
7
11
5
3
6
11
12
6
8
4
4
6
8
12
4
5
3
5
11
8
3
2
10
2
9
1
9
7
7
10
1
2
4
5
9
12
7
9
12
8
8
9
8
12
2
5
2
5
8
7
4
6
3
1
11
11
3
10
6
10
1
