3
2
1
2
3
1
2
1
2
3
1
1
3
1
3
3
2
1
2
2
1
2
3
3
2
1
2
1
3
3
2
1
2
3
3
4
10
8
6
9
4
10
6
10
6
4
9
7
5
6
10
6
5
9
6
10
5
8
7
4
10
7
6
9
4
8
5
7
8
7
8
9
10
7
8
9
6
7
10
5
8
6
4
5
4
5
6
7
5
9
6
7
6
10
6
9
10
8
10
4
5
8
7
4
7
4
6
4
7
5
6
7
8
5
8
7
10
7
9
8
6
5
8
9
5
6
7
9
7
10
6
5
8
6
5
9
4
10
7
9
5
6
7
6
8
4
9
10
8
10
7
5
6
8
7
8
6
4
7
8
5
4
7
8
9
7
10
9
10
5
4
9
10
8
4
9
6
10
8
4
5
4
8
6
10
8
4
10
7
5
8
7
8
9
7
4
10
9
10
6
4
8
10
5
4
9
7
6
10
4
5
7
9
10
7
6
7
4
8
7
5
10
9
8
4
5
9
6
8
4
7
5
8
5
4
9
4
7
9
4
9
6
8
9
5
7
5
10
5
4
8
5
10
5
8
5
6
9
10
4
6
10
4
9
5
10
7
4
10
9
8
6
9
8
10
9
8
9
6
10
4
5
9
5
8
10
6
9
4
7
5
6
4
5
7
9
6
4
6
9
