2
2
7
7
7
5
5
5
1
9
9
9
10
8
6
6
6
6
11
11
12
10
10
3
10
8
8
8
12
12
12
1
1
3
3
3
11
11
4
4
4
2
2
2
4
7
7
5
5
7
7
5
9
9
9
5
1
1
9
6
6
6
6
6
10
10
10
8
8
8
8
12
12
12
12
3
11
11
11
11
3
3
3
2
4
4
4
2
2
2
4
7
7
7
7
9
5
5
5
1
1
1
1
9
9
6
6
6
10
10
9
8
8
8
8
10
12
12
12
11
11
11
3
12
12
3
3
10
10
3
4
4
4
2
7
7
2
2
5
5
5
5
1
1
1
1
5
7
7
6
9
9
9
9
8
8
8
6
6
6
8
11
11
11
12
12
12
12
10
10
10
10
6
4
4
4
4
7
3
3
3
2
2
2
2
1
1
1
5
7
7
5
5
5
9
9
9
9
9
7
11
8
8
6
11
11
11
8
8
12
12
12
12
10
10
10
10
6
6
4
6
3
3
3
3
4
4
1
2
2
2
2
1
1
1
5
5
5
9
7
7
7
9
9
9
5
11
11
11
11
8
8
8
12
12
12
8
2
10
10
10
6
6
6
3
6
3
4
6
6
3
4
6
3
4
3
1
4
3
4
1
6
7
1
4
3
7
3
1
7
4
11
1
11
5
1
9
9
5
2
