11
3
5
6
6
4
9
12
10
4
9
4
8
3
3
9
10
10
4
9
1
2
11
12
12
10
8
4
1
11
12
12
3
10
4
1
11
10
10
2
4
7
4
9
10
4
11
8
3
7
3
10
9
6
8
1
4
5
11
5
2
11
6
10
6
1
9
12
12
9
8
12
1
10
4
8
2
12
9
9
5
9
3
12
1
4
5
7
5
6
10
11
11
4
10
12
12
1
6
10
8
4
1
8
5
5
9
1
7
1
6
1
3
2
1
11
12
6
3
8
4
5
12
8
5
3
5
11
9
3
9
6
5
5
3
8
8
2
3
1
6
10
10
9
3
6
7
7
12
7
12
1
4
11
12
7
4
9
5
12
7
8
10
7
1
2
5
2
7
2
7
2
9
2
7
9
10
6
10
6
12
3
8
1
2
8
12
9
8
5
3
6
6
2
4
6
3
8
8
6
2
12
2
1
11
7
3
9
2
4
1
1
10
8
11
10
7
3
6
2
6
2
12
11
8
3
6
4
6
8
11
9
2
4
5
7
2
11
1
4
3
5
7
7
2
5
7
3
9
10
10
6
4
11
10
12
10
6
4
11
7
11
7
3
9
11
3
11
2
11
5
7
2
5
9
12
1
5
11
12
1
7
5
4
7
9
6
5
2
8
5
8
8
1
11
2
1
8
7
3
