5
6
2
2
5
5
11
2
9
11
6
6
4
6
6
8
9
4
11
10
4
7
2
10
3
3
10
2
11
4
5
10
1
5
9
9
2
8
3
2
11
5
9
2
1
8
6
1
6
7
8
8
1
9
11
4
10
2
6
10
9
5
11
1
11
3
5
1
3
6
4
9
3
5
7
6
6
10
11
2
4
5
5
8
5
4
8
11
8
11
3
2
5
10
8
8
7
1
9
11
9
7
2
7
3
8
8
6
4
11
11
10
8
7
7
7
3
8
4
10
10
7
7
1
8
2
7
3
8
3
3
1
4
2
4
4
1
6
7
7
5
2
9
2
3
7
2
6
7
4
10
11
8
5
5
2
1
3
1
2
6
5
10
6
10
2
10
7
8
6
9
9
8
1
11
9
5
2
9
9
4
1
11
6
7
1
9
8
8
10
5
3
1
3
7
11
5
11
11
5
3
11
9
4
10
3
1
7
4
11
7
10
11
2
6
8
7
5
9
4
4
1
4
10
2
7
5
8
4
8
9
6
7
8
10
9
3
1
8
6
6
2
7
10
5
11
3
10
1
3
1
2
1
3
9
3
8
6
10
1
6
2
10
5
3
1
9
10
5
2
6
4
3
8
9
4
6
7
7
11
3
9
4
4
2
11
4
10
1
10
11
8
11
10
3
1
7
5
7
8
