3
10
11
6
1
5
11
10
11
12
3
3
3
9
11
4
4
1
7
1
10
8
12
1
2
11
11
12
8
7
5
5
11
1
4
5
8
8
2
1
4
12
10
1
8
1
12
1
8
8
8
2
2
6
5
9
3
6
7
3
3
11
10
12
12
4
4
12
10
9
7
2
6
5
11
9
10
1
11
6
7
12
2
5
6
11
10
12
6
7
6
7
2
3
1
9
2
3
1
1
9
5
1
8
5
11
5
1
9
12
3
1
9
7
8
1
4
4
10
8
9
12
5
7
7
8
6
5
6
2
7
6
7
10
2
3
6
4
11
1
6
10
1
5
7
12
8
9
11
9
9
10
12
8
7
10
5
6
8
5
5
11
12
6
12
12
2
10
9
2
11
1
7
2
10
7
9
11
2
4
2
4
9
4
7
8
5
3
6
12
3
2
9
4
12
3
8
6
1
4
2
7
10
3
3
6
9
12
5
12
1
3
10
6
8
9
5
4
1
4
11
11
6
12
1
12
4
4
6
7
3
5
8
2
11
4
10
3
10
8
9
8
6
5
4
6
3
12
1
1
7
10
11
9
9
4
2
7
9
8
6
4
10
1
2
5
11
9
10
11
2
2
5
7
9
10
11
8
4
9
9
6
5
7
10
11
3
9
10
2
6
9
3
7
3
5
8
8
3
4
