10
4
5
2
9
8
7
4
3
5
12
10
6
9
7
5
9
1
7
7
6
12
7
8
10
2
8
6
9
3
10
6
5
4
4
2
1
3
2
8
2
4
10
12
7
8
9
3
5
8
6
10
8
3
8
12
8
7
10
3
5
12
6
6
9
1
9
2
12
9
12
12
1
6
3
12
5
6
10
4
2
9
7
1
4
6
2
9
2
12
5
1
3
2
10
1
8
2
10
8
1
5
3
6
9
2
1
3
4
4
7
1
5
5
10
8
7
5
6
12
10
9
1
2
4
1
10
12
6
2
9
12
7
4
5
2
8
12
12
7
6
9
1
4
7
9
1
7
10
7
12
10
10
9
3
1
7
8
8
2
6
8
2
3
1
1
6
7
12
12
4
10
3
10
5
2
3
12
4
4
10
8
6
8
5
3
7
1
4
11
9
11
1
12
2
6
10
7
4
11
12
11
6
3
8
9
5
5
4
3
2
6
3
10
9
1
12
4
7
2
5
1
1
8
11
1
7
10
8
4
3
8
9
10
12
6
9
11
5
7
8
12
7
10
4
6
5
2
2
11
4
7
2
8
10
12
3
11
8
3
1
11
8
11
2
1
8
5
2
3
7
9
10
5
9
10
9
5
6
4
6
12
4
3
12
7
6
12
3
10
1
11
7
5
9
6
2
1
4
11
