1
11
7
7
6
3
9
9
7
1
5
4
1
4
5
11
5
3
9
1
7
2
11
8
1
5
5
9
10
10
5
6
12
5
10
10
11
9
5
8
7
5
4
8
3
8
1
12
7
4
10
11
1
3
5
3
11
2
3
1
10
5
9
10
10
1
4
12
9
12
10
2
12
1
7
7
3
9
4
2
12
8
7
3
12
10
10
4
6
4
4
5
9
1
5
6
10
8
5
1
2
3
1
4
1
3
4
7
6
2
6
6
2
1
3
7
4
12
2
6
3
12
12
7
11
11
12
8
6
10
4
5
9
6
1
11
10
4
3
6
10
7
9
2
11
5
11
1
2
12
8
8
7
4
7
7
10
5
2
2
5
10
9
4
8
5
2
6
6
6
8
4
2
2
5
9
8
8
5
1
6
5
11
9
4
7
4
6
12
5
11
3
11
10
9
11
12
11
1
3
9
12
2
7
3
7
6
2
8
4
6
11
8
2
11
7
11
6
6
12
9
8
5
11
8
2
1
9
12
6
11
11
11
12
6
10
11
6
12
3
8
8
6
6
3
7
7
7
12
9
11
6
9
1
5
7
3
3
9
10
1
10
2
3
3
8
10
2
12
6
12
5
9
10
8
4
11
12
9
10
6
3
9
12
4
8
2
4
9
8
2
2
4
9
8
1
1
2
6
9
