2
8
6
6
6
2
6
3
8
6
3
2
3
3
6
8
7
8
3
3
2
6
4
3
7
3
2
8
6
1
8
3
3
7
2
10
2
7
2
8
2
10
6
7
8
6
2
3
7
7
3
6
9
7
8
7
2
2
7
8
3
7
6
3
7
4
7
6
7
2
8
6
8
8
2
2
5
9
5
1
1
11
5
1
4
9
1
4
5
1
1
10
4
4
5
5
9
9
11
11
11
10
9
5
10
11
1
11
1
5
1
5
8
5
11
1
10
1
5
5
1
1
5
4
4
5
11
11
10
9
1
4
10
5
10
4
10
10
11
11
10
4
11
9
9
5
9
4
10
8
4
6
9
10
9
10
9
1
1
5
5
9
4
9
11
10
9
11
9
10
11
1
4
4
1
4
11
4
1
1
4
9
1
10
4
10
1
10
5
5
4
9
9
5
11
4
11
11
5
1
11
11
10
5
4
5
1
4
11
10
1
11
8
10
4
10
11
10
10
9
10
6
5
9
1
8
9
1
5
10
10
9
11
4
1
8
11
11
11
11
9
10
4
1
11
11
5
4
10
9
9
4
4
5
11
5
4
11
10
4
9
1
11
5
10
9
9
5
5
11
9
11
11
10
1
9
1
5
9
1
1
9
10
4
4
4
1
4
5
5
10
10
5
11
4
1
9
9
9
5
