4
5
1
10
9
5
10
5
2
12
10
4
1
3
6
2
1
8
4
5
4
1
6
10
9
12
3
5
3
6
2
10
10
3
11
10
12
5
2
5
4
11
11
9
2
7
12
2
9
6
5
4
11
3
5
11
2
2
7
8
6
2
4
11
4
6
11
3
9
6
6
3
6
12
12
10
10
5
6
1
8
5
7
1
7
11
7
12
1
11
8
4
2
9
10
12
6
3
6
12
10
8
2
12
2
9
1
6
6
3
9
7
5
11
5
3
2
7
6
11
2
12
5
5
11
7
4
2
6
4
5
4
3
1
10
1
10
10
4
11
2
7
12
8
1
11
8
5
9
7
7
4
1
2
6
7
2
5
5
7
11
1
11
12
7
6
7
12
8
5
11
4
6
6
12
7
7
9
8
7
5
12
9
4
8
3
7
3
4
2
8
1
11
1
9
7
8
12
1
9
3
5
7
3
12
3
3
4
11
10
3
10
8
9
9
1
9
9
8
10
1
3
7
10
10
3
5
6
8
9
10
8
10
8
9
12
5
10
11
11
7
12
11
10
1
11
11
1
12
5
3
10
3
4
9
4
1
1
3
1
4
2
8
2
8
6
10
2
3
9
3
8
12
1
8
7
8
9
2
4
12
6
6
9
10
7
2
9
5
1
8
4
11
8
8
9
6
4
10
2
