8
7
4
1
13
6
11
13
2
8
12
5
6
1
9
3
12
10
9
5
7
11
2
3
6
4
10
4
5
2
11
1
9
12
7
3
10
12
8
13
1
7
9
4
2
5
6
8
11
13
11
3
13
6
4
8
7
5
12
10
10
2
7
8
9
1
5
2
12
13
1
3
5
4
6
11
13
11
6
9
4
10
3
12
8
9
7
8
2
7
1
11
6
3
4
2
5
13
10
12
7
4
13
1
10
8
6
2
11
7
5
12
9
5
3
13
8
4
1
10
6
3
12
13
9
2
11
12
6
2
11
1
5
9
10
4
8
1
3
4
11
2
7
12
10
7
13
5
8
6
12
8
3
1
5
4
6
7
8
2
10
13
6
10
9
11
13
3
1
5
2
12
7
11
4
9
7
10
12
2
6
3
1
4
9
13
11
5
6
12
7
10
3
8
5
1
4
8
13
2
2
13
12
6
8
3
9
7
1
4
5
10
11
2
5
12
13
9
6
7
10
11
3
12
4
9
1
8
13
5
4
3
6
8
11
10
2
7
1
8
3
5
9
6
12
10
2
4
13
7
4
1
2
3
12
10
5
9
11
6
13
8
7
10
9
12
8
7
5
11
1
3
2
4
8
3
9
5
6
13
1
11
12
10
4
13
2
7
1
10
6
11
12
5
4
3
9
2
7
8
