5
4
8
3
3
8
2
3
4
1
3
2
3
4
7
2
8
10
3
9
1
2
11
8
2
2
4
3
7
6
10
6
4
4
8
4
3
8
10
7
10
11
2
2
8
11
4
8
7
9
3
6
11
9
3
9
6
5
9
11
4
1
10
2
10
9
5
7
11
3
8
10
1
7
10
3
5
10
5
8
11
5
7
7
11
10
9
5
9
6
4
10
1
6
1
4
11
4
9
2
8
1
7
8
4
11
10
8
7
9
5
4
5
1
6
5
11
4
5
3
4
9
11
7
1
10
11
5
9
11
9
9
2
3
6
10
6
1
11
8
5
5
9
9
5
6
1
11
5
8
11
10
1
4
6
5
1
2
1
3
2
3
3
8
7
4
10
6
4
10
8
5
2
4
5
1
2
1
7
1
7
5
9
4
9
3
7
6
2
2
7
9
5
6
8
7
6
5
6
11
2
4
2
2
3
8
10
2
6
11
5
4
9
7
11
7
7
1
4
1
11
3
3
10
2
2
8
10
3
2
6
3
7
9
11
4
4
4
6
2
10
1
2
2
11
6
2
9
1
5
1
6
7
9
9
3
7
7
5
6
1
10
3
5
3
7
10
5
9
9
2
10
2
4
5
9
3
9
11
11
7
1
6
2
6
3
7
7
7
8
6
3
1
11
5
8
9
3
5
1
