9
9
12
12
7
4
11
11
9
5
10
2
6
6
9
5
10
1
8
1
11
8
9
2
4
8
12
2
6
1
3
7
1
7
2
7
1
7
10
5
7
9
3
12
4
3
10
9
5
2
3
10
6
2
12
4
11
11
5
2
5
3
3
10
7
1
11
9
7
1
5
12
6
4
9
9
6
6
5
10
6
4
2
6
4
1
10
5
5
1
10
5
12
12
8
12
11
7
4
10
2
11
9
2
3
3
2
6
11
9
7
9
4
4
8
11
12
6
10
11
10
7
5
4
9
7
12
12
8
8
7
2
12
6
6
8
7
4
1
8
5
8
8
3
10
10
11
12
2
9
5
6
10
12
11
12
10
3
10
11
10
2
5
3
11
12
11
6
6
6
7
3
6
9
8
12
1
9
3
3
8
9
1
3
2
5
8
4
7
3
1
1
11
11
3
2
5
12
2
8
11
2
9
9
10
2
3
1
5
7
3
4
4
8
5
11
10
11
1
7
4
2
10
11
12
12
2
4
12
5
1
3
5
10
8
3
4
4
1
6
2
4
7
3
1
6
3
6
9
7
8
10
7
2
6
3
2
7
12
8
4
1
7
7
5
9
10
5
9
11
1
11
12
9
4
6
9
10
3
1
5
10
6
7
5
2
4
6
8
2
10
1
8
12
4
5
8
11
12
9
