4
4
10
3
3
4
4
10
10
4
10
4
3
10
3
3
10
3
10
3
6
8
5
5
8
11
13
1
2
12
6
1
12
13
12
11
8
8
1
2
9
2
6
2
6
8
12
5
2
7
5
1
6
12
9
1
12
12
9
9
9
5
6
7
7
9
12
5
7
13
7
9
12
1
11
7
12
13
11
1
9
2
5
7
5
13
13
11
9
8
5
2
7
9
7
12
5
7
11
8
5
2
6
7
12
8
5
9
13
1
12
8
2
9
8
8
5
6
11
1
6
13
1
11
2
6
1
13
7
2
13
9
11
9
5
7
5
6
8
8
13
2
9
12
1
2
13
6
1
12
9
7
9
7
13
1
11
8
7
11
12
8
5
6
2
11
2
12
6
13
9
12
6
7
9
13
1
7
6
1
2
6
8
11
12
12
11
1
8
13
11
8
5
1
8
13
13
5
2
7
1
5
11
8
2
7
12
2
12
8
5
11
13
8
8
6
5
6
6
9
2
2
12
9
9
9
11
2
8
5
11
8
13
1
11
6
6
11
1
2
2
8
1
7
1
7
6
5
11
2
13
13
2
7
11
13
6
6
7
11
1
13
13
9
13
1
9
12
2
5
12
8
8
7
9
5
5
1
12
9
11
6
6
6
7
13
9
5
11
7
5
12
4
4
4
4
4
4
4
10
