13
1
8
9
6
4
9
5
5
5
4
11
13
1
12
10
1
11
13
5
4
1
8
3
5
4
7
9
13
6
4
5
5
12
4
4
7
6
7
1
1
4
2
7
7
8
11
9
2
9
11
2
7
2
6
10
12
9
8
11
9
7
10
8
3
11
3
1
9
13
11
2
3
10
1
10
11
2
1
11
10
7
3
10
12
9
3
6
1
12
8
10
8
4
5
4
6
4
7
7
5
9
8
4
10
13
13
2
12
13
5
11
10
1
7
4
3
13
9
11
2
10
1
10
10
7
2
5
3
12
6
10
13
11
6
8
3
6
10
7
1
6
10
8
5
11
6
8
7
6
8
8
8
5
8
4
12
1
8
13
5
11
7
7
12
2
12
1
10
7
11
11
12
3
12
3
10
4
6
11
2
5
8
2
4
12
9
3
13
10
11
7
13
8
9
10
6
2
3
6
5
6
5
3
9
9
3
4
2
8
2
11
13
9
2
3
12
4
8
13
12
12
1
8
4
1
11
13
1
13
9
2
12
9
10
7
9
6
11
8
8
6
13
11
9
11
12
3
5
6
12
7
8
3
13
10
2
7
5
9
8
12
4
5
8
12
3
1
1
1
13
4
5
9
1
7
2
2
8
4
3
1
7
11
8
3
7
2
1
11
6
3
5
1
12
10
10
11
6
2
