12
12
4
7
12
7
4
12
4
4
5
7
12
5
5
4
5
12
12
5
5
4
12
7
7
7
5
7
5
4
4
5
7
9
10
10
11
6
3
1
9
3
10
9
10
8
8
2
3
9
2
10
10
10
10
1
10
8
2
3
3
6
3
6
9
2
2
1
2
3
10
1
6
10
8
3
9
10
8
3
8
11
6
2
6
2
3
1
2
9
6
10
2
8
11
10
8
10
10
6
11
6
1
11
11
6
2
2
8
3
6
10
1
11
11
6
8
6
9
11
3
3
6
11
9
1
2
8
2
10
3
3
1
2
10
10
10
1
3
3
10
6
3
9
8
1
9
8
10
6
9
8
1
1
8
11
6
10
3
2
1
2
8
9
10
1
6
11
10
11
9
6
6
11
3
8
6
9
1
8
8
9
8
11
3
1
11
2
9
3
1
2
2
1
11
11
1
3
9
11
8
3
3
8
9
8
6
8
6
6
6
11
10
9
2
9
10
3
3
8
1
1
8
6
9
8
6
3
11
3
11
8
1
10
11
1
1
2
10
10
2
9
1
6
9
2
8
10
9
1
3
9
3
11
2
6
11
9
11
1
11
11
9
2
1
10
8
11
1
9
1
8
6
11
9
2
3
9
1
2
6
3
6
2
11
2
2
8
8
2
11
1
11
6
9
2
6
9
3
1
