5
11
10
10
11
11
3
1
3
3
1
8
13
8
4
4
12
12
13
2
6
2
7
7
6
9
2
5
9
5
9
10
11
10
5
3
3
11
1
11
8
4
4
8
12
12
1
8
13
13
7
7
2
6
2
2
6
9
9
10
9
5
5
3
10
11
11
11
4
4
3
12
12
8
1
13
1
1
13
8
7
7
8
2
6
6
2
6
5
9
10
9
10
11
11
4
4
5
5
3
3
12
12
1
1
1
13
7
13
3
8
7
2
8
6
6
2
9
10
9
11
10
4
4
4
10
5
11
5
12
12
1
12
1
13
3
3
3
13
7
8
8
7
2
2
7
6
9
6
9
4
4
9
11
11
5
5
10
10
1
12
12
12
3
13
13
3
1
8
1
2
7
8
2
6
6
7
4
7
4
9
11
5
9
10
10
5
11
12
12
12
13
3
3
13
1
1
13
8
2
8
2
6
6
7
2
4
4
7
9
9
10
10
5
5
11
11
12
11
3
12
3
1
1
13
13
8
8
13
6
6
2
2
4
4
7
9
9
7
10
10
5
10
5
5
11
11
3
3
12
12
1
1
8
13
13
8
6
2
13
4
4
6
6
2
9
7
7
9
10
5
5
11
11
3
10
10
3
12
1
1
12
8
8
8
13
13
4
4
6
2
6
6
2
7
7
7
9
9
5
