2
6
9
10
5
8
11
3
3
5
10
1
2
3
4
7
3
1
7
3
1
6
7
7
10
7
4
1
5
9
4
1
6
2
3
3
3
8
5
2
4
2
1
7
5
4
5
5
9
1
9
7
3
10
5
9
5
1
2
8
3
6
11
6
6
10
5
2
10
4
11
9
11
11
2
7
10
11
11
6
11
3
8
11
8
6
3
7
7
2
4
6
10
11
5
11
9
5
3
10
1
9
6
4
3
7
3
6
10
8
1
5
10
10
5
1
7
7
10
6
11
9
6
10
7
1
11
3
7
8
10
6
11
9
7
4
1
3
11
2
7
5
2
1
4
10
10
6
1
11
7
3
2
2
3
5
6
8
2
8
8
8
8
4
3
9
4
8
10
1
5
3
10
5
6
2
6
9
1
9
6
11
6
9
2
10
7
2
8
1
11
6
9
5
9
8
9
9
9
1
7
11
8
4
9
3
2
3
8
7
6
5
4
2
2
9
10
8
10
2
1
11
6
5
8
2
3
6
11
1
4
1
7
8
2
11
7
8
5
9
5
3
9
10
11
8
2
9
2
8
2
10
2
3
4
10
4
1
7
4
4
9
10
6
6
4
5
1
11
3
4
8
4
7
3
4
9
1
5
1
11
11
8
1
5
11
5
6
11
3
9
6
8
8
4
9
1
10
3
4
