1
11
7
5
1
6
5
3
12
12
7
3
2
12
9
1
5
12
12
6
3
9
1
12
10
6
5
4
2
4
9
5
11
7
3
7
6
3
6
3
6
2
5
2
5
6
4
11
11
7
1
8
9
10
9
10
7
8
2
8
5
9
11
5
8
1
1
9
5
5
12
6
11
8
3
6
12
5
2
3
5
3
1
1
5
2
5
1
11
6
4
5
10
11
11
2
11
8
11
12
5
3
7
12
8
6
12
2
9
9
7
12
7
8
8
3
4
10
8
1
8
4
4
7
7
5
10
5
7
7
10
8
3
7
4
11
10
1
6
10
11
1
2
11
9
1
10
8
8
12
11
3
12
4
3
12
2
2
7
5
11
1
9
9
3
10
9
7
8
4
3
12
8
10
1
10
7
6
10
7
3
11
12
4
12
5
10
6
12
7
10
6
9
10
4
4
2
8
2
7
10
8
11
9
9
4
2
12
4
2
7
9
12
10
6
6
10
2
4
1
6
9
8
10
6
9
8
6
4
3
1
5
1
11
11
11
1
5
5
3
12
4
7
8
3
9
8
10
2
11
1
7
12
10
12
9
9
5
10
3
8
8
1
6
4
3
5
1
1
11
2
11
10
3
8
8
2
6
5
12
3
5
7
3
6
2
4
12
2
10
4
11
8
4
9
9
4
6
4
2
