4
4
2
8
1
1
5
5
8
5
2
5
9
8
4
1
5
3
6
7
3
4
6
8
9
4
5
8
6
7
7
6
4
3
2
3
5
1
9
9
7
7
6
8
2
8
5
5
3
5
1
9
1
5
3
1
5
9
5
8
5
6
2
2
2
4
5
4
8
4
3
1
9
6
8
2
2
9
1
4
4
6
8
3
5
7
8
4
1
2
9
3
4
9
6
1
3
1
3
2
2
8
8
3
5
1
3
8
2
2
8
6
3
7
9
2
3
1
5
7
6
1
7
7
7
1
7
7
1
6
2
4
3
1
6
2
9
6
6
6
8
4
7
5
9
5
4
4
2
4
8
9
7
3
5
4
1
9
3
9
8
9
6
3
4
9
7
7
4
3
6
8
6
1
9
3
8
4
3
9
4
9
7
7
9
4
3
2
3
9
1
7
8
3
6
2
9
5
3
4
2
2
1
1
1
9
3
7
4
2
9
6
8
2
4
4
8
1
6
5
5
5
4
9
2
1
2
6
1
8
1
2
2
2
3
2
8
4
8
6
7
9
4
3
5
8
6
3
3
2
7
6
3
5
7
5
7
9
4
1
8
9
7
8
1
9
9
6
4
9
5
6
6
2
7
2
7
7
5
1
9
3
4
4
2
6
8
6
6
8
8
7
4
8
4
6
9
5
1
1
