1
3
11
8
11
6
1
3
2
6
11
5
2
10
1
10
1
9
11
3
11
10
8
9
1
6
9
6
9
6
9
4
3
6
8
5
5
4
3
10
5
6
4
7
8
6
4
7
2
7
4
6
3
6
3
10
9
10
4
6
4
7
2
6
8
10
6
10
5
7
5
10
8
7
6
10
6
10
5
7
3
7
6
7
6
7
7
10
7
10
2
10
7
10
7
10
10
10
10
10
1
3
2
8
4
1
6
5
8
2
4
3
1
4
9
9
5
1
4
8
4
2
6
3
8
11
11
10
4
5
3
9
9
6
3
11
8
9
8
3
1
9
9
6
10
8
7
3
11
8
2
8
2
5
9
8
8
9
7
11
11
3
1
9
5
5
5
4
2
1
4
1
8
11
10
1
2
9
2
1
10
11
9
7
11
2
4
7
3
7
8
6
2
4
9
4
9
1
4
1
8
2
4
8
6
11
6
4
5
8
2
1
11
1
6
7
9
7
2
3
3
5
2
4
1
11
5
11
3
1
4
5
3
10
11
9
8
2
5
4
11
2
8
3
7
4
7
2
11
1
5
9
10
2
2
8
9
11
9
6
1
11
5
2
7
7
5
1
5
4
2
4
11
7
6
1
1
11
3
3
2
7
11
3
3
5
11
9
5
10
5
1
10
8
6
9
2
5
1
11
