8
10
2
5
6
2
5
7
2
11
7
5
8
7
8
4
9
2
3
1
7
8
2
1
1
8
7
2
8
9
11
7
5
9
7
5
2
5
4
1
7
4
6
9
2
4
11
10
2
9
6
8
9
11
3
3
10
7
3
10
6
3
1
11
8
6
1
1
5
10
2
8
4
1
5
2
7
7
8
5
10
9
1
10
8
2
9
5
8
9
5
4
4
4
7
11
10
9
5
8
2
1
7
9
5
10
8
8
10
4
10
3
5
5
3
4
11
6
6
5
9
7
1
3
5
10
11
3
1
6
9
3
3
5
2
9
10
3
6
2
5
2
10
4
6
2
9
9
6
8
7
1
4
6
1
6
7
3
1
9
6
2
7
2
4
7
8
11
10
1
2
3
11
3
7
8
6
9
7
10
10
5
3
4
7
11
1
8
1
8
3
9
8
7
11
8
6
11
4
7
9
10
11
1
3
1
11
2
3
1
9
11
3
9
10
4
2
4
9
8
5
8
11
2
3
3
4
4
6
8
5
10
3
2
11
11
4
11
10
3
8
4
6
7
11
5
6
1
6
10
10
9
5
1
1
2
11
7
7
4
11
8
6
11
5
7
6
10
9
8
10
6
6
1
4
11
7
2
6
4
6
3
2
11
3
8
4
4
4
11
8
11
10
5
6
10
1
1
5
10
