1
6
3
1
9
8
7
8
3
1
6
3
1
6
5
4
5
4
5
6
2
6
5
4
5
4
5
4
2
4
5
4
5
4
5
4
2
6
5
4
5
4
5
6
2
8
9
1
9
8
6
9
8
9
1
9
8
6
9
8
9
1
9
8
6
9
8
9
1
9
8
6
9
8
9
1
9
8
3
8
3
1
2
3
5
6
3
1
9
3
5
8
3
1
2
3
5
8
3
1
9
8
5
8
3
1
9
3
2
9
1
7
8
6
9
1
7
1
5
8
1
7
1
6
8
5
7
9
5
8
5
7
9
6
9
1
7
1
6
9
1
6
5
6
9
6
2
6
2
8
5
6
5
6
2
4
9
8
5
4
5
6
5
4
2
6
2
6
5
4
5
6
9
3
7
6
3
1
5
3
7
8
3
7
8
3
7
8
3
7
5
3
1
6
3
7
8
3
7
8
3
7
5
3
7
4
2
6
5
4
2
6
2
4
2
4
2
8
2
8
2
4
5
6
2
6
2
4
5
8
2
6
5
4
2
6
2
8
5
1
5
6
1
6
9
7
7
8
7
1
3
7
5
6
9
7
9
3
5
8
1
8
3
3
1
6
3
9
5
4
2
4
2
4
2
4
2
4
2
4
2
4
2
4
2
4
2
4
2
4
2
4
2
4
2
4
2
4
2
4
