7
4
1
1
4
11
9
10
4
5
5
11
4
11
7
2
10
7
8
10
2
11
1
1
5
7
11
7
8
8
4
11
9
9
11
4
2
8
7
6
2
11
5
5
11
11
3
8
2
4
3
4
7
8
9
8
6
2
8
7
8
9
6
10
3
7
4
5
6
3
10
1
7
11
11
11
11
3
3
7
8
8
4
7
11
1
7
9
11
5
2
9
6
7
2
9
3
8
6
5
5
9
3
1
5
7
10
10
11
5
6
1
1
9
1
10
2
6
3
5
1
8
7
3
8
2
3
8
2
1
9
6
7
10
11
10
5
4
3
5
9
4
10
2
7
4
3
3
7
1
2
7
6
9
10
3
10
1
7
4
10
6
11
7
5
4
4
8
10
9
9
5
4
3
4
10
2
6
6
10
4
6
10
2
9
11
1
8
4
2
3
6
11
9
7
6
10
3
6
4
10
1
8
4
3
8
2
8
2
9
11
5
8
1
9
3
3
5
10
6
4
11
10
10
9
5
10
9
2
8
8
2
9
7
7
6
6
11
1
2
8
1
3
2
2
11
5
10
6
8
7
11
1
4
6
10
3
5
11
11
8
9
2
5
1
9
8
9
1
5
3
2
6
1
8
10
1
11
4
8
5
6
6
9
9
7
2
1
8
9
11
7
5
4
5
10
5
6
6
1
