12
1
7
11
8
3
1
12
10
5
1
12
7
7
10
5
5
7
9
6
4
6
12
3
10
4
11
10
1
6
11
1
12
3
12
2
7
5
9
2
7
11
4
3
7
8
8
1
6
12
10
2
9
8
11
8
4
2
4
6
9
3
4
5
4
2
1
10
10
6
10
4
2
10
8
6
8
3
5
8
8
3
9
10
6
10
3
3
8
3
4
3
9
5
2
4
9
6
9
10
7
1
1
12
9
12
2
7
2
1
11
5
7
12
7
6
12
12
11
6
7
9
7
5
12
10
11
1
11
5
6
8
12
5
7
11
11
1
12
12
9
1
2
7
12
1
7
11
7
11
8
2
8
10
1
10
1
4
8
10
2
5
8
4
4
8
11
4
9
4
6
5
2
9
2
10
6
12
2
3
10
3
3
4
8
2
11
4
9
3
8
11
9
7
10
9
9
11
1
12
6
11
5
8
3
6
8
2
1
11
1
12
2
6
1
6
5
9
10
12
11
5
11
2
4
5
6
2
6
7
3
8
8
12
3
2
1
5
2
6
3
3
5
4
6
8
2
8
11
9
6
10
8
11
7
7
10
4
11
4
2
9
4
7
7
5
10
3
4
6
12
5
10
10
8
9
9
6
1
3
9
5
3
7
4
8
4
3
12
3
1
9
4
5
5
5
1
11
10
9
