10
1
11
11
10
11
11
10
10
1
1
1
10
1
10
10
1
10
10
10
11
11
11
1
1
10
11
1
1
1
11
10
11
1
11
8
9
4
9
9
3
5
7
5
7
3
5
6
4
6
2
7
2
5
3
9
5
2
4
4
6
5
9
5
6
9
6
2
7
9
2
6
4
7
2
2
9
7
7
6
6
2
3
2
4
5
4
7
3
2
7
2
3
2
3
3
6
6
6
9
4
4
3
9
2
7
2
9
9
4
6
7
9
4
4
5
7
3
5
9
4
3
9
9
4
2
6
9
4
7
3
3
6
6
2
4
9
9
2
5
3
3
6
6
3
4
7
6
3
5
3
6
5
7
4
7
9
4
9
2
4
5
6
5
7
3
8
9
8
4
7
7
6
3
6
6
8
5
7
5
5
3
9
8
8
2
6
9
4
5
3
5
8
3
4
7
3
4
8
8
5
3
9
8
6
5
2
8
8
3
3
8
8
2
7
8
2
5
3
8
7
4
2
7
7
8
5
8
5
4
7
6
7
5
9
2
9
8
8
6
8
6
5
3
4
6
9
2
6
9
6
8
5
2
8
2
9
5
7
2
8
4
2
8
8
2
3
6
3
8
8
7
6
3
2
7
5
8
8
8
5
4
7
4
5
2
8
4
6
9
2
7
3
7
8
9
5
4
9
4
