1
1
10
10
3
7
7
2
1
10
6
6
3
3
2
8
9
7
11
4
10
7
2
8
1
1
7
4
9
4
8
9
6
2
11
6
7
1
9
3
11
4
9
11
1
2
10
6
3
4
5
7
9
7
11
2
10
9
3
6
6
10
2
4
11
2
3
4
9
9
9
6
8
2
1
9
4
7
2
4
1
6
11
4
11
8
7
8
8
11
11
2
10
5
8
9
7
6
6
7
4
7
1
7
7
5
7
9
11
7
6
3
9
2
6
3
1
8
1
5
7
5
5
10
11
8
5
5
9
1
8
8
8
5
10
8
1
5
4
10
10
3
7
5
6
3
6
11
9
8
7
3
3
5
7
6
6
8
4
10
2
5
1
5
9
6
3
9
1
3
1
7
1
4
4
1
8
11
9
4
10
4
6
4
9
8
2
10
5
9
5
10
5
4
8
3
5
9
3
5
7
1
5
1
6
11
7
3
8
5
5
6
11
3
11
4
10
8
1
11
2
5
1
3
6
5
11
7
10
6
11
5
1
3
3
8
2
5
4
5
3
10
8
8
11
5
10
5
8
1
1
5
5
3
5
4
8
1
5
3
1
2
1
11
8
11
11
3
8
4
3
1
8
3
5
5
9
11
10
4
8
10
4
10
6
10
5
6
9
5
1
10
1
2
2
11
1
5
1
6
