8
7
2
9
2
2
11
4
7
8
8
4
3
8
6
11
5
4
3
11
9
9
6
11
4
1
1
7
4
6
6
10
2
10
4
3
4
2
8
3
5
7
11
2
10
1
4
6
5
5
7
7
3
3
2
8
10
6
3
7
2
3
6
3
6
1
2
7
1
5
1
5
4
4
1
11
9
4
4
3
10
9
1
9
3
8
7
6
1
6
11
9
1
8
8
3
2
8
9
10
4
3
5
9
9
11
7
8
2
3
9
6
6
7
11
10
6
11
9
1
6
3
3
5
7
8
3
3
5
7
7
8
11
8
10
2
6
1
8
3
11
10
8
11
7
4
2
10
9
10
1
4
8
4
10
9
4
7
6
2
8
4
2
11
1
5
11
1
1
5
10
5
1
8
1
7
2
10
10
6
1
1
1
10
3
1
10
5
11
4
11
10
9
8
3
3
11
11
5
4
2
9
11
4
8
8
6
2
11
1
4
2
1
10
5
10
5
7
8
9
5
8
7
5
11
9
6
1
2
10
4
7
10
11
7
1
4
7
2
8
10
3
4
10
9
5
9
1
7
7
2
3
4
5
9
6
7
3
11
3
1
2
9
10
5
8
4
5
5
9
11
2
3
10
4
9
10
9
3
11
10
6
4
5
2
2
5
2
5
2
6
7
11
6
6
9
3
4
8
6
