11
8
7
7
6
4
8
7
11
10
4
1
2
1
4
1
10
9
9
8
6
3
11
5
1
2
11
3
11
4
3
4
4
11
4
7
5
6
10
6
11
11
10
4
9
1
10
3
2
2
7
6
11
10
10
6
5
10
6
5
7
7
9
11
3
11
8
4
8
6
5
4
3
11
11
4
11
9
2
8
7
4
3
9
10
8
1
1
3
8
1
6
5
6
10
3
8
10
7
6
3
7
10
2
10
7
1
2
8
2
6
10
10
8
7
2
7
9
3
3
2
5
6
2
3
3
11
9
7
3
8
6
11
1
11
8
2
9
5
2
9
9
2
4
3
5
4
6
2
6
1
8
8
7
6
4
11
4
5
10
5
9
11
3
10
8
4
4
10
8
9
4
7
5
4
2
7
1
2
8
4
9
10
11
10
1
8
11
4
8
6
9
2
1
10
8
6
8
5
6
8
2
6
6
3
1
9
3
1
1
5
10
10
1
7
1
5
7
2
8
7
10
7
2
8
11
5
3
9
6
7
11
3
5
7
9
5
9
3
4
5
5
1
7
9
10
10
9
11
11
5
5
5
8
6
6
6
11
5
4
1
8
11
7
8
7
3
4
7
2
9
3
5
3
4
2
4
1
1
7
10
6
5
10
7
3
9
4
6
6
11
2
6
9
9
10
10
11
2
7
