1
1
1
6
3
9
11
7
8
7
6
2
3
5
9
2
9
3
12
9
7
8
9
8
1
2
7
8
9
2
12
7
2
12
11
5
8
11
3
4
3
3
6
5
2
9
9
12
6
3
10
4
1
7
2
3
2
3
6
6
5
11
12
11
7
6
10
10
5
1
10
5
1
5
10
4
12
10
11
8
1
8
2
8
5
4
9
12
2
12
12
2
10
8
1
10
7
9
7
8
5
11
10
8
11
12
5
3
2
11
7
1
4
3
4
6
5
12
7
6
9
8
2
4
5
5
10
11
3
8
12
2
8
6
2
11
7
2
1
12
10
3
12
4
9
8
8
10
11
3
12
1
4
8
4
2
8
1
10
3
6
4
11
9
6
5
9
4
11
3
7
7
10
9
11
5
2
11
12
10
7
9
6
1
1
12
6
6
11
1
3
3
10
8
6
9
10
7
4
3
9
2
7
5
12
5
6
1
3
9
11
4
4
4
5
4
7
3
5
2
1
8
8
5
2
1
10
7
10
10
1
2
5
6
11
2
6
12
11
7
6
6
9
3
8
7
6
4
8
9
4
11
7
3
11
4
7
5
1
4
11
2
1
8
9
4
10
8
11
10
9
10
10
7
11
1
5
10
7
6
5
4
6
1
3
12
9
1
5
12
11
6
9
8
9
12
4
1
11
12
