8
12
10
7
7
4
2
10
9
6
11
1
9
2
12
1
11
10
2
7
7
3
9
2
10
10
12
3
11
6
13
6
11
13
4
5
2
12
10
7
13
4
6
11
5
5
6
2
12
3
10
4
9
1
4
12
11
11
2
1
12
6
4
11
1
5
1
9
7
8
7
10
8
11
12
11
6
5
13
9
3
8
9
10
7
13
2
9
8
8
5
3
3
12
5
7
4
1
1
4
5
7
5
5
9
6
11
8
2
1
7
8
9
12
2
2
1
5
4
8
6
3
1
9
11
3
9
8
3
6
9
8
10
9
7
3
4
11
7
8
10
1
3
3
13
8
2
1
1
10
7
13
13
11
9
13
3
6
8
5
2
4
2
5
11
10
1
6
13
13
2
6
3
12
7
11
2
8
10
12
5
9
7
6
10
2
6
6
12
13
4
12
1
7
11
3
7
2
10
3
4
11
12
9
8
6
3
7
2
1
5
5
11
5
10
12
2
6
12
12
8
12
12
4
7
6
5
4
1
4
3
4
1
10
12
3
4
9
11
5
8
13
13
9
4
13
5
6
8
4
13
10
10
5
5
5
9
1
7
2
9
9
4
12
12
7
7
13
4
13
11
11
2
8
2
8
1
13
6
13
6
1
4
4
8
3
1
10
13
13
4
1
6
5
1
7
11
8
3
9
