3
11
9
2
4
10
10
10
10
11
2
12
6
11
7
4
5
6
5
2
10
10
6
8
11
9
4
3
6
1
7
7
2
5
1
12
9
3
5
12
3
7
12
8
9
11
10
1
1
2
12
5
11
11
1
6
7
6
7
12
5
6
2
10
5
12
5
8
8
1
8
12
7
1
11
5
1
6
4
6
10
10
5
4
2
3
10
2
10
5
7
2
7
11
1
6
7
1
6
4
11
4
11
3
10
6
10
12
11
7
12
3
6
3
5
3
7
9
5
11
8
3
11
2
7
2
7
8
3
10
3
4
6
9
10
11
12
4
11
9
11
7
8
11
1
1
7
6
12
8
2
1
3
9
3
10
6
1
8
6
9
5
2
11
9
9
9
1
12
2
11
12
12
12
9
12
4
8
3
10
8
4
10
8
7
7
11
8
8
8
8
1
3
1
3
2
4
9
8
5
12
1
6
3
7
11
5
4
12
4
10
3
12
2
1
9
7
5
5
6
7
7
11
8
6
9
2
3
2
12
1
10
2
5
6
8
9
8
1
9
5
9
11
8
5
2
3
12
10
10
4
7
9
8
3
4
3
7
10
4
12
7
7
4
5
5
11
1
4
12
3
9
3
4
5
7
7
4
9
1
8
8
5
6
12
4
10
4
4
11
2
1
2
3
1
6
3
2
11
5
