1
2
2
9
9
2
1
9
1
2
1
2
1
9
9
9
9
2
9
2
2
9
1
1
2
1
1
9
9
1
2
2
1
7
10
8
5
5
10
5
4
5
4
8
6
6
6
8
4
4
10
10
5
8
4
8
10
3
4
4
3
3
5
4
3
3
4
4
5
4
8
3
8
5
5
10
3
6
3
3
10
10
8
6
5
8
10
3
8
8
10
10
10
8
4
8
3
6
10
4
3
10
10
10
8
3
6
3
5
8
4
5
6
6
10
5
10
8
8
4
6
4
8
5
10
5
10
10
8
8
10
8
6
4
6
8
5
7
7
4
10
4
7
7
6
8
10
3
6
8
10
6
10
3
5
5
8
6
6
10
6
3
5
7
7
3
6
10
5
6
5
4
4
7
7
10
3
7
10
4
7
6
4
5
6
4
7
7
5
5
3
4
10
10
3
6
7
5
7
6
3
6
5
3
7
4
4
7
10
3
3
8
4
4
3
6
3
5
3
8
7
3
4
8
6
4
7
8
6
4
5
8
4
8
7
3
8
3
7
6
7
3
7
10
5
5
6
3
4
7
10
6
6
4
7
3
8
7
10
4
7
5
7
8
3
4
8
6
5
6
6
8
8
7
5
6
7
7
10
3
10
5
5
7
8
3
7
6
7
4
3
10
5
7
5
7
7
6
5
7
