9
7
6
9
7
1
6
1
8
6
7
9
7
9
11
7
6
7
9
1
1
7
1
7
6
1
1
7
6
7
6
7
9
1
6
9
9
9
6
7
9
6
6
2
1
4
11
8
10
2
5
3
10
2
3
3
8
5
10
10
4
4
5
11
10
11
11
3
5
8
5
11
3
10
4
8
10
7
8
11
11
4
3
11
4
2
2
10
3
11
1
8
10
5
11
4
3
2
10
8
4
3
11
5
5
10
5
3
4
4
8
10
11
5
2
3
2
5
5
3
3
2
5
2
4
4
8
5
3
3
2
8
1
10
3
11
8
4
10
3
11
5
4
8
11
8
11
2
2
10
5
2
3
2
4
3
3
2
3
10
5
4
8
11
3
4
10
5
3
8
10
10
8
3
8
3
4
2
10
10
10
2
3
4
3
5
4
11
4
10
10
3
8
8
2
3
10
2
2
5
5
8
5
2
3
11
5
2
10
5
4
4
5
10
11
4
11
10
4
4
11
5
8
3
8
10
11
4
8
8
11
4
5
8
10
1
10
5
10
11
4
2
8
10
5
4
3
3
11
8
5
2
8
4
8
2
8
11
3
11
5
10
4
2
2
2
2
5
5
4
11
8
5
2
2
1
11
2
5
5
2
4
2
2
8
3
4
10
8
11
11
11
8
8
10
11
4
3
9
11
