5
7
5
5
7
7
5
5
9
7
5
7
9
5
5
2
7
7
7
7
7
5
1
5
7
5
5
5
1
7
5
5
7
2
7
7
7
7
5
5
7
7
7
5
7
7
5
7
5
9
7
5
5
7
7
5
7
5
7
7
5
5
7
5
3
5
5
5
5
7
7
1
1
6
1
2
1
2
1
6
1
2
2
2
6
2
6
2
6
2
2
6
1
7
2
6
3
6
6
6
6
3
6
6
7
6
6
6
2
1
6
6
6
6
1
6
6
2
6
1
6
1
6
2
6
6
2
2
2
2
6
2
6
1
1
2
6
6
2
6
2
6
1
1
2
1
2
8
8
8
8
3
8
3
8
8
3
2
8
8
8
2
2
8
8
8
8
3
8
8
3
8
3
3
8
8
8
8
9
8
8
2
3
8
3
2
8
8
3
1
1
8
6
3
3
8
8
8
2
8
8
7
8
3
3
3
3
1
9
3
8
3
8
8
3
8
4
3
8
2
4
4
4
9
9
9
9
9
4
4
3
1
4
9
9
4
9
9
3
9
9
9
4
4
4
4
4
9
9
1
9
4
6
1
9
9
4
3
4
3
9
1
9
9
4
9
9
4
4
4
2
1
4
1
4
4
3
4
4
4
4
1
4
9
9
4
4
4
9
4
3
1
9
4
4
9
3
4
1
4
