1
3
1
5
10
11
2
2
9
11
1
12
1
10
6
10
7
11
7
8
10
4
2
10
6
11
10
9
8
1
5
9
5
11
11
9
11
5
8
9
9
2
8
8
12
8
1
4
1
10
5
10
3
5
4
3
6
7
12
8
5
6
8
3
2
10
10
3
10
6
12
11
2
9
7
3
12
7
12
9
12
3
1
4
5
12
8
5
6
10
3
3
2
8
3
4
3
2
1
4
8
6
9
7
7
4
9
3
4
1
8
11
3
6
5
8
1
10
4
7
12
2
9
9
11
8
12
1
4
6
4
11
8
1
4
9
3
7
8
12
7
1
8
12
11
1
2
10
4
1
1
5
10
3
1
12
12
12
4
4
12
4
9
8
7
7
4
2
1
3
9
11
8
2
2
1
6
6
5
12
11
10
7
7
5
6
4
1
6
2
7
5
9
10
11
3
9
1
7
10
9
7
10
6
1
6
9
5
1
6
8
9
9
2
9
11
5
8
3
6
11
10
5
11
3
3
1
7
9
6
2
12
7
8
2
10
2
12
10
12
2
2
6
3
3
4
10
10
3
6
8
1
11
2
4
9
5
5
7
12
8
11
4
12
5
2
8
9
8
5
11
3
6
7
9
2
3
2
10
11
1
8
11
4
2
3
2
4
5
6
10
5
7
5
7
8
7
5
10
7
