9
8
2
1
2
5
4
4
2
7
8
6
5
6
2
6
5
3
10
6
10
9
4
11
9
11
3
5
9
7
10
1
10
7
1
2
9
2
1
3
8
10
6
7
7
1
8
3
2
1
3
11
6
5
6
3
5
1
6
9
5
8
11
4
9
11
11
6
1
6
4
9
8
9
3
11
5
4
7
3
5
10
2
7
7
3
10
11
6
3
4
4
8
9
8
11
10
4
10
1
3
10
8
5
9
4
1
7
6
1
9
8
3
10
2
9
11
6
10
9
5
11
4
8
10
10
6
2
2
2
4
4
9
9
2
7
1
11
4
1
6
8
1
7
1
9
2
9
7
6
6
8
10
2
5
8
6
1
7
9
4
3
4
4
7
10
11
5
11
7
10
6
2
10
10
4
5
5
3
11
11
8
7
4
5
8
10
4
11
6
1
3
1
11
2
1
6
1
11
1
3
1
3
2
2
5
10
1
3
10
6
8
5
3
11
8
8
6
10
7
8
1
2
7
1
3
8
9
3
3
9
9
11
6
7
10
5
3
5
3
7
11
10
5
5
9
7
4
7
9
8
4
3
1
8
6
6
10
10
8
4
7
9
11
10
3
11
5
7
3
7
10
10
2
7
10
5
2
4
7
5
11
5
2
4
5
10
1
5
8
7
2
2
9
9
6
2
8
7
6
