7
8
7
10
10
7
10
3
10
3
10
3
8
7
7
8
10
8
7
8
3
7
8
3
3
7
3
10
8
7
8
10
10
8
3
12
11
4
5
1
5
9
4
4
2
1
6
1
2
6
5
11
9
11
11
1
5
11
6
11
9
5
5
9
2
2
5
6
2
1
5
11
11
1
6
9
2
6
9
11
9
11
1
4
11
1
4
4
1
1
11
11
11
5
2
11
4
11
11
2
1
5
9
6
2
5
9
2
2
1
4
2
5
2
5
2
1
6
4
11
6
9
1
11
4
5
2
9
5
4
6
9
6
5
1
5
9
1
2
2
4
5
5
1
6
11
1
2
9
11
1
5
6
5
1
2
4
1
6
9
6
2
9
11
2
1
4
6
12
6
11
9
6
9
6
9
9
6
12
12
9
6
1
6
4
4
1
12
2
4
5
9
12
6
12
5
9
4
12
6
12
12
1
4
9
12
11
9
4
12
12
6
1
11
12
11
6
11
1
1
5
5
4
4
2
6
1
9
4
1
12
9
4
4
6
11
9
5
12
12
12
12
6
2
12
2
4
2
6
4
12
5
5
4
2
2
1
12
4
6
5
6
12
12
12
11
12
11
6
9
6
12
2
4
2
2
9
12
12
4
12
9
2
11
5
12
4
5
5
9
5
1
1
12
11
4
12
2
9
11
