11
8
7
10
4
2
6
4
3
12
11
10
11
11
4
2
5
4
11
1
3
5
2
7
12
10
3
12
3
1
12
10
7
4
4
7
9
3
6
7
8
5
2
2
6
6
7
12
7
11
6
10
1
1
9
1
5
8
11
11
12
9
12
8
1
4
3
5
7
9
7
1
2
9
12
2
1
6
11
5
11
11
4
3
8
9
11
7
7
6
6
9
6
6
3
3
9
12
9
3
9
7
7
12
2
7
2
11
12
4
6
1
8
5
5
11
3
3
1
10
1
10
3
8
2
5
8
8
2
10
6
3
9
2
10
9
6
5
10
4
6
11
5
1
2
6
5
4
11
9
11
6
11
10
5
12
3
7
9
10
1
8
2
3
8
10
5
4
7
4
2
4
8
9
7
3
10
1
4
5
10
9
3
7
3
2
11
8
4
5
4
10
2
8
2
8
11
6
9
6
3
12
6
7
6
8
8
2
8
5
9
6
2
3
1
9
12
12
1
11
10
4
1
12
11
12
10
6
2
9
12
9
2
4
5
8
5
7
7
4
1
1
4
1
11
5
9
4
7
10
10
1
12
10
12
12
2
7
1
8
10
6
4
10
5
6
5
3
2
10
7
1
3
9
12
11
9
10
12
4
12
2
11
8
3
9
8
5
1
3
7
2
6
6
10
12
8
1
1
8
