2
8
9
5
2
3
6
4
2
8
6
1
1
3
6
5
2
8
6
4
1
8
9
5
2
8
6
5
4
8
9
4
2
8
9
5
7
8
9
5
2
3
9
4
7
3
9
4
7
8
6
4
7
8
9
4
7
8
9
5
2
8
9
4
2
8
6
5
2
8
9
5
2
8
9
9
2
3
1
5
2
8
6
5
7
8
6
5
1
8
6
5
7
1
1
1
2
3
6
1
7
3
9
5
7
3
9
4
2
3
1
5
2
8
9
4
2
8
9
1
7
8
6
5
7
3
6
5
2
8
6
5
7
3
9
4
2
3
6
5
7
7
9
4
7
3
9
5
2
3
1
1
7
7
6
5
7
8
6
4
2
3
9
5
7
8
1
1
2
8
6
5
1
8
6
5
7
3
6
4
7
3
6
4
7
8
9
1
3
8
6
4
7
3
9
5
2
3
4
5
7
1
1
4
2
8
6
1
2
8
1
4
2
8
6
4
7
3
9
4
2
1
6
5
2
3
6
5
7
3
9
4
7
8
9
5
2
8
6
5
2
3
2
5
2
1
9
5
7
3
9
5
2
3
9
4
7
8
1
4
7
3
6
5
1
8
9
4
1
8
6
4
7
3
9
4
7
3
6
4
2
3
6
4
7
3
9
4
7
3
9
4
7
3
6
4
2
8
6
5
