7
4
8
8
10
2
5
2
9
1
4
5
5
10
8
1
1
9
9
8
6
3
9
2
9
1
6
9
11
7
3
8
9
1
10
7
5
7
10
2
6
2
5
1
10
4
6
5
11
10
4
8
8
4
8
10
3
8
3
3
11
7
11
3
3
6
6
9
5
3
8
2
2
4
1
4
2
4
4
6
4
2
1
9
9
6
5
3
10
1
11
9
3
11
11
4
10
2
4
2
1
11
4
7
9
7
11
2
9
6
4
5
11
6
6
4
8
11
3
10
8
5
11
2
3
1
1
4
5
1
10
1
2
8
1
3
11
8
5
5
6
9
4
7
8
7
9
2
7
9
6
11
7
3
8
8
8
10
3
7
1
8
6
9
5
4
10
4
3
2
9
4
8
2
9
7
4
1
1
10
7
11
10
6
11
10
3
9
8
6
7
1
5
8
6
3
1
4
11
11
10
9
5
4
4
4
4
3
1
6
1
5
5
11
1
3
8
3
6
5
11
5
10
5
3
7
5
11
7
6
11
9
6
11
7
7
11
5
8
6
2
10
7
4
11
7
10
8
9
8
5
2
1
1
5
10
3
1
4
10
6
10
4
10
9
2
7
9
2
3
11
6
9
2
2
3
1
6
5
2
2
5
7
7
10
11
11
3
4
2
7
10
7
2
10
9
2
7
9
3
