11
5
2
6
10
9
1
13
8
12
1
11
9
5
12
3
11
7
4
6
13
1
7
7
12
7
9
8
13
10
4
9
12
5
10
3
8
1
6
9
8
6
13
7
1
1
7
8
1
12
11
3
10
2
7
5
7
4
9
8
6
5
4
8
1
2
9
8
12
13
3
9
11
6
5
5
6
1
12
2
7
4
3
5
1
4
13
13
6
10
7
9
13
4
5
6
8
4
5
10
10
5
6
7
1
11
1
2
7
1
1
8
3
10
3
12
13
5
3
12
2
13
1
3
11
5
3
4
12
8
12
12
2
6
10
4
11
1
4
7
3
11
3
11
13
7
8
7
1
12
8
8
3
12
6
11
3
9
2
10
6
10
11
11
9
10
4
5
12
2
2
7
13
5
4
12
6
1
3
9
6
3
13
11
12
11
12
5
12
2
3
8
10
2
13
13
8
6
8
2
13
4
3
13
12
11
2
13
2
10
2
9
7
4
13
13
2
3
1
8
9
2
9
13
10
11
3
7
11
8
12
1
5
2
6
6
5
3
7
7
2
4
11
3
10
10
9
6
9
2
6
9
9
10
5
9
10
6
13
12
10
13
13
6
4
9
4
9
4
8
4
4
10
9
10
2
1
5
7
1
1
3
7
5
8
11
12
5
11
11
13
6
5
12
11
6
6
9
3
12
