10
7
1
5
5
9
9
8
11
9
1
8
3
11
7
10
9
10
8
4
12
1
12
12
2
8
11
12
2
11
5
6
6
3
2
6
5
8
12
9
8
5
12
6
10
5
8
8
4
2
4
10
2
10
5
2
8
11
3
9
10
9
5
3
9
3
2
11
10
10
4
2
12
7
10
7
12
10
4
7
12
1
6
5
3
8
4
1
8
2
7
12
10
2
11
2
6
12
7
8
8
9
6
9
4
2
12
3
1
11
2
3
8
6
1
5
4
10
4
8
6
11
10
9
6
1
12
7
12
9
7
7
4
8
1
11
12
3
7
2
1
12
12
6
3
4
11
10
6
8
9
9
10
1
1
4
11
6
1
10
11
6
9
9
8
2
10
1
8
2
3
2
1
5
2
3
7
4
12
2
3
8
12
4
4
3
8
2
6
5
12
10
6
11
11
3
10
4
4
5
4
1
11
3
9
7
7
10
7
2
3
11
4
7
8
3
6
1
1
7
8
3
6
9
12
5
8
4
12
1
1
3
7
8
9
11
10
11
5
11
6
9
6
12
5
1
7
5
7
2
7
9
8
6
3
5
12
11
7
12
9
5
12
1
5
10
3
3
3
7
12
7
1
4
5
9
3
5
3
5
4
11
9
4
6
1
1
1
12
6
4
11
2
6
12
11
2
11
9
2
