2
3
2
6
2
3
2
6
3
2
6
6
2
3
3
6
3
6
6
3
6
2
2
6
3
3
2
6
2
6
3
2
10
5
9
1
8
7
1
1
9
5
5
4
7
7
1
1
4
1
8
1
4
4
7
7
5
7
8
7
4
9
1
5
5
8
4
1
9
8
4
5
4
5
8
7
1
9
4
8
5
1
5
5
1
4
1
7
4
4
9
8
4
9
8
8
1
5
7
9
9
5
9
1
8
9
8
5
1
4
7
8
5
8
8
4
1
5
8
8
9
4
7
4
5
1
8
9
9
9
9
1
9
7
4
9
8
7
4
4
9
8
9
9
9
5
4
8
5
7
8
5
4
5
4
7
1
8
7
8
7
1
4
8
5
8
10
1
4
4
10
4
1
10
8
7
9
5
4
10
5
9
1
1
10
8
10
5
4
10
7
4
4
10
10
4
10
1
10
10
9
8
10
9
8
10
10
8
5
1
9
1
1
7
9
5
7
5
8
5
8
1
10
5
10
10
10
10
10
10
10
9
1
10
10
5
5
10
9
7
9
1
7
9
10
5
7
9
7
10
9
1
5
10
8
5
7
9
10
8
8
7
5
10
4
8
1
7
7
5
7
7
4
7
1
1
8
9
4
7
4
7
10
1
10
10
5
7
5
7
4
10
9
4
7
10
10
9
4
1
