5
4
7
8
1
2
9
3
2
5
12
5
9
7
9
8
4
4
9
4
10
1
10
2
6
1
1
12
3
9
10
9
2
2
5
10
1
8
10
4
12
9
4
7
6
7
8
8
11
10
11
3
8
12
9
1
8
1
11
4
8
10
2
1
6
4
9
2
7
7
6
5
12
11
4
12
6
12
12
3
2
2
2
5
5
10
5
2
12
2
5
6
11
10
2
3
6
3
9
12
1
3
11
8
7
10
1
12
9
6
2
4
8
10
10
5
12
7
3
2
7
5
3
9
4
12
6
6
12
5
5
6
9
6
1
11
5
12
5
3
7
8
1
1
6
2
7
12
9
12
3
11
6
5
2
10
8
10
2
11
11
2
10
11
8
3
6
8
4
11
6
5
6
1
10
7
8
10
9
12
6
10
12
5
1
3
8
7
6
3
12
8
11
6
4
6
12
11
3
3
5
8
1
8
5
7
12
11
8
11
3
1
3
11
11
10
3
3
8
5
7
2
6
7
4
12
3
5
1
11
9
10
1
1
11
7
9
4
5
3
5
9
9
8
7
4
7
9
6
10
7
11
5
11
12
8
9
1
10
11
1
12
4
9
2
11
2
9
2
8
3
9
3
4
10
7
8
4
6
2
7
3
7
11
6
6
7
10
9
3
2
6
4
9
10
4
4
10
1
6
