3
1
4
6
7
2
5
3
2
1
4
6
7
4
5
3
2
1
3
6
7
4
5
7
2
1
3
6
1
4
5
7
2
5
3
6
1
4
6
7
2
5
3
2
1
4
6
7
4
5
3
2
1
4
6
7
2
5
3
6
1
4
5
7
2
1
3
6
7
4
5
3
2
1
4
6
7
2
5
3
6
1
4
6
7
2
5
3
2
1
4
6
7
4
5
3
2
1
3
6
7
4
5
7
2
1
3
6
1
4
5
7
2
5
3
6
1
4
6
7
2
5
3
2
1
4
6
7
2
5
3
6
1
4
5
7
2
1
3
6
7
4
5
3
2
1
4
6
7
2
5
3
6
1
4
5
7
2
5
3
6
1
4
6
7
2
5
3
2
1
4
6
7
4
5
3
2
1
3
6
7
4
5
7
2
1
3
6
1
4
5
7
2
5
3
6
1
4
6
7
2
5
3
6
1
4
5
7
2
1
3
6
7
4
5
3
2
1
4
6
7
2
5
3
6
1
4
5
7
2
1
3
6
1
4
5
7
2
5
3
6
1
4
6
7
2
5
3
2
1
4
6
7
4
5
3
2
1
3
6
7
4
5
7
2
1
3
6
1
4
5
7
2
5
3
6
1
4
5
7
2
1
3
6
7
4
5
3
2
1
4
6
7
2
5
3
6
1
4
5
