12
3
13
3
11
11
12
3
11
8
5
11
13
10
13
1
6
13
12
11
10
13
8
7
8
7
9
3
11
3
4
9
7
5
9
1
11
9
1
9
1
8
7
13
9
8
5
5
3
2
9
5
6
13
6
10
1
11
3
2
4
4
12
2
4
10
6
12
11
9
8
9
3
6
11
4
13
2
8
11
13
6
5
6
5
2
13
9
12
12
8
3
7
13
3
13
12
1
1
4
7
1
11
13
5
2
4
2
3
7
2
5
3
13
10
11
12
4
7
3
10
11
6
11
9
8
5
6
4
1
8
4
7
2
6
12
6
2
7
5
8
4
12
6
12
2
9
3
1
6
8
2
6
12
13
4
8
5
3
8
1
6
10
10
3
7
12
5
11
3
4
1
12
9
6
10
2
6
2
10
8
10
13
10
12
5
11
7
11
12
1
5
12
10
2
7
5
2
5
5
10
3
7
10
10
2
13
4
11
1
6
4
3
6
4
2
7
1
7
1
3
8
10
4
9
1
1
1
5
2
1
3
10
7
4
1
8
10
2
5
5
5
12
4
7
7
9
7
7
11
2
9
13
4
2
7
4
13
6
13
7
9
13
6
5
5
11
11
3
9
13
12
8
10
10
4
11
12
12
8
1
5
8
6
9
8
6
11
10
13
7
7
8
6
5
13
12
2
11
1
