4
4
2
7
4
10
6
2
8
9
4
11
2
6
1
11
8
8
6
11
2
6
8
2
5
10
4
1
7
9
1
4
8
11
7
4
7
9
5
8
3
11
8
5
8
6
8
3
1
5
7
3
2
1
1
3
11
11
8
4
4
4
6
6
4
7
4
11
2
10
6
11
1
8
10
9
7
9
5
8
3
5
10
11
8
11
9
1
2
3
2
10
9
3
6
7
7
2
2
9
2
7
10
4
3
5
5
5
11
5
1
10
5
2
11
10
4
8
8
6
5
6
8
11
10
1
11
1
4
5
5
10
3
3
4
8
2
9
10
11
11
11
5
6
1
6
9
10
9
8
9
4
5
7
1
4
11
8
2
2
3
5
11
3
10
2
7
3
6
9
10
6
3
3
4
3
7
11
4
11
2
11
6
7
5
5
9
8
6
1
5
8
8
7
1
8
4
11
4
6
3
6
3
2
1
3
3
2
8
10
4
10
2
9
2
3
11
7
1
3
4
2
3
11
9
1
3
9
4
4
7
9
1
10
1
5
2
7
10
7
3
6
7
9
5
10
9
7
6
6
9
7
1
7
5
1
1
10
4
1
7
5
7
4
9
5
6
9
7
10
4
2
9
3
1
6
2
8
9
9
10
6
11
1
9
1
8
10
10
1
5
11
10
2
10
7
5
6
1
4
