4
8
12
8
7
3
6
5
12
3
11
7
9
6
3
10
5
7
6
2
9
3
10
10
5
1
4
2
11
12
3
9
7
1
2
5
5
9
8
5
2
5
7
8
7
12
5
9
3
1
6
2
8
3
9
2
8
3
12
3
12
2
5
3
9
7
6
11
7
7
5
7
12
2
5
6
11
1
6
12
11
12
1
12
10
1
7
7
3
3
10
1
4
7
7
6
1
10
4
5
3
4
2
4
6
9
12
12
8
12
11
1
11
10
1
11
2
11
9
1
12
1
8
2
12
6
5
6
9
4
12
1
10
6
8
11
10
12
3
7
2
1
4
10
7
7
10
6
5
10
1
11
8
9
8
9
1
5
11
8
10
8
7
7
3
11
3
12
9
5
12
3
11
4
4
10
6
5
9
11
2
3
4
10
10
5
4
6
1
1
10
3
4
11
9
4
12
12
4
7
12
11
5
8
5
2
6
7
3
4
7
2
8
7
10
6
6
8
1
11
5
4
9
3
2
5
1
2
12
4
2
9
6
8
11
5
8
10
1
4
2
2
2
11
2
10
7
4
11
5
9
9
9
3
6
12
7
6
7
9
6
11
3
10
6
8
4
2
1
9
5
11
3
1
6
11
8
12
9
9
1
12
4
6
4
6
4
10
10
3
10
7
9
6
11
3
8
1
11
2
