8
3
8
3
1
3
3
1
1
3
8
8
1
1
1
8
3
8
8
3
1
8
8
3
8
1
3
1
1
3
4
6
10
10
11
4
6
7
2
6
9
6
9
4
5
2
11
5
2
4
6
11
9
4
4
4
11
5
6
7
7
10
4
11
6
9
5
7
10
4
10
11
4
7
7
9
11
5
2
5
10
9
4
4
10
5
11
4
9
6
10
9
11
11
9
6
9
10
5
2
7
4
5
2
5
4
6
2
9
10
7
10
9
5
4
6
9
2
6
6
7
11
11
11
9
5
2
4
10
11
2
5
11
6
4
9
5
6
2
11
9
10
2
5
6
10
10
2
11
2
7
6
11
5
7
6
10
5
9
7
5
11
11
9
7
6
5
10
2
4
10
2
10
9
9
11
10
5
10
9
6
2
7
9
6
11
9
5
4
7
9
7
6
10
11
6
4
11
2
2
11
7
4
11
4
7
6
7
9
7
4
10
2
5
7
9
6
5
5
10
5
6
2
2
10
9
6
6
4
6
7
7
9
10
4
5
10
6
2
10
2
9
2
2
7
10
7
11
10
10
2
4
4
2
11
2
7
11
7
6
5
11
5
7
5
10
4
7
11
4
4
7
10
11
7
2
9
4
9
11
6
4
6
5
5
7
2
5
7
2
5
10
2
4
9
6
7
5
9
2
