4
3
3
10
5
4
8
9
6
4
6
10
10
3
5
2
1
2
3
3
10
6
4
3
4
6
8
9
5
9
10
8
4
5
5
10
2
9
5
1
5
3
9
4
7
5
10
7
8
2
2
7
6
1
7
5
4
1
6
5
8
3
6
6
4
6
1
3
6
5
10
8
10
7
9
4
8
6
4
3
1
7
5
10
10
6
5
5
8
5
2
4
2
8
1
10
2
1
6
7
10
8
10
2
2
5
8
5
4
6
1
6
9
6
2
1
3
1
4
1
10
8
6
9
7
9
4
5
3
4
3
8
7
8
2
2
7
6
7
4
10
1
10
7
4
5
7
6
9
3
8
10
9
9
4
7
10
5
8
9
2
10
1
7
2
4
9
6
2
4
3
9
5
5
4
1
2
1
10
8
3
5
3
10
6
1
2
5
8
3
7
1
7
7
4
7
9
1
3
6
7
6
8
8
2
10
1
1
8
2
8
9
3
9
5
2
6
8
5
7
4
9
7
3
6
6
7
10
3
4
9
2
3
9
5
1
9
5
7
4
7
8
1
7
7
9
8
9
9
4
8
1
7
8
9
2
3
3
5
9
10
2
1
3
2
2
1
8
4
1
1
9
5
1
10
8
8
3
10
8
10
10
4
3
2
6
3
7
9
1
10
8
1
2
2
4
8
7
9
2
