9
5
3
3
7
5
3
2
11
7
8
7
3
4
10
3
2
11
2
6
8
4
2
10
4
4
7
6
11
11
1
6
11
10
5
4
11
2
5
2
1
2
4
5
3
6
10
11
2
7
8
6
6
7
6
7
11
4
3
7
8
3
5
2
5
4
11
4
4
7
1
6
6
6
5
5
3
3
3
10
1
6
7
7
5
5
10
4
5
7
9
3
5
11
6
4
4
10
4
2
1
11
4
5
4
2
7
11
5
11
8
2
3
3
7
4
11
6
6
3
9
3
6
6
6
2
3
11
2
3
9
2
5
4
3
2
7
5
4
2
9
10
4
7
6
5
10
6
10
7
9
5
11
5
10
2
6
11
10
10
1
6
11
11
3
7
10
6
11
7
8
4
4
2
10
5
2
4
3
7
1
5
3
6
11
10
10
11
4
5
8
7
2
11
3
2
11
10
5
7
9
2
4
6
10
10
2
10
4
2
8
11
3
7
2
6
4
10
11
11
9
3
4
6
10
3
3
3
11
4
9
6
7
5
4
7
10
11
10
6
9
5
6
2
3
10
6
7
4
5
1
11
7
3
4
11
7
5
4
11
8
6
6
3
11
5
6
2
7
2
1
7
11
2
7
5
5
7
2
10
8
10
2
10
4
7
10
10
6
10
1
10
5
5
2
2
7
3
3
3
