9
11
7
9
5
4
8
9
11
1
6
10
8
4
7
6
2
3
9
3
10
8
12
9
2
12
9
11
2
8
10
7
12
5
11
9
4
3
3
3
2
9
12
8
2
2
5
12
12
10
10
4
6
8
3
8
1
6
10
9
1
12
1
7
10
3
9
4
7
7
5
4
10
12
4
3
2
6
5
11
4
2
11
11
5
3
1
12
11
7
11
10
11
4
4
6
1
7
6
9
3
7
9
6
1
9
5
2
1
8
7
3
5
3
12
8
11
3
6
4
9
4
10
8
6
1
5
4
2
2
8
8
4
11
12
8
9
6
4
5
4
10
7
9
7
12
7
2
10
5
12
1
7
2
6
12
8
7
5
1
2
11
2
4
11
3
2
10
2
10
7
2
5
2
1
11
7
2
6
3
1
9
11
8
5
9
12
5
8
11
9
5
7
12
6
6
10
8
8
11
3
12
3
7
5
6
9
1
12
7
4
9
12
11
9
4
8
9
12
12
3
5
12
5
1
10
3
11
1
11
12
5
11
4
1
6
2
1
6
11
11
3
5
7
3
11
5
6
1
6
7
7
6
7
2
5
6
11
4
11
10
10
10
4
8
10
9
2
8
5
11
4
1
3
1
10
4
5
10
7
1
10
5
2
8
10
12
6
9
3
4
1
8
5
1
2
6
10
12
6
