5
4
1
5
12
5
12
5
8
3
1
12
9
10
2
4
11
10
11
9
6
10
6
4
7
4
2
2
10
9
5
6
6
11
3
3
5
10
1
7
8
7
11
10
7
6
2
12
10
5
8
8
2
3
12
8
6
2
4
10
5
6
9
10
11
12
8
11
9
8
2
4
7
8
7
12
10
5
6
11
8
1
10
8
11
9
11
1
4
8
3
11
2
8
10
9
2
12
3
4
5
5
12
2
9
2
3
3
8
11
6
1
10
10
2
10
4
1
3
8
9
9
6
9
12
10
10
3
2
4
6
2
3
5
8
3
6
6
2
12
12
11
1
10
2
3
3
12
1
9
3
8
9
12
6
5
6
1
1
1
7
6
7
6
1
10
4
6
12
3
9
12
7
5
6
11
11
9
5
7
3
2
10
10
5
4
12
12
11
11
5
6
4
6
10
5
6
12
4
8
6
4
1
7
2
2
11
7
7
3
11
7
1
4
8
8
9
1
12
5
3
1
1
3
11
4
9
11
5
11
7
9
4
4
9
4
12
7
5
1
12
9
10
8
4
1
6
1
1
5
11
8
11
4
9
8
7
3
12
2
7
3
7
1
4
9
2
1
9
8
10
2
9
7
12
3
7
5
2
6
4
4
3
12
11
10
6
4
1
1
8
7
3
12
2
5
7
6
9
7
