6
6
6
6
6
7
6
6
6
6
6
6
6
6
6
6
6
6
6
6
6
6
3
6
3
3
6
3
6
3
6
3
6
3
6
3
6
3
6
6
6
6
6
6
6
6
6
6
6
6
6
6
6
6
6
6
6
6
6
6
7
2
7
2
7
2
2
2
2
2
2
2
2
2
2
2
2
3
2
3
2
3
2
2
2
2
2
2
2
2
2
2
2
2
2
2
2
2
2
2
2
2
2
2
2
2
2
2
2
7
2
7
2
7
7
7
2
7
2
7
4
4
4
4
4
4
4
4
4
4
4
4
4
4
4
4
3
4
4
4
4
4
4
4
4
4
4
4
4
4
4
4
4
4
7
7
4
7
4
7
4
7
7
4
7
4
7
7
7
4
4
4
4
4
4
4
4
4
4
4
1
1
3
1
3
1
3
1
3
1
3
1
3
3
1
3
1
1
1
1
1
1
1
1
1
1
1
7
1
7
1
7
1
7
1
1
1
1
1
1
1
1
1
1
1
1
1
1
1
1
1
1
1
1
1
1
1
1
1
1
3
3
5
5
5
5
5
5
5
5
5
5
5
5
5
5
5
5
5
5
5
7
5
7
7
5
7
5
5
5
5
5
5
5
5
5
5
5
5
5
5
5
5
5
5
5
5
5
5
5
5
5
5
3
5
3
3
3
3
3
