2
10
10
4
3
9
4
1
5
9
9
2
5
10
5
5
1
4
3
5
7
10
3
7
6
8
12
3
7
11
5
6
11
8
11
12
9
4
1
4
7
3
6
11
2
4
12
6
6
5
9
6
3
5
1
5
3
3
1
10
4
1
7
4
12
1
4
3
12
8
5
2
12
7
10
1
4
9
12
7
4
7
12
9
4
1
7
9
7
2
3
2
8
2
10
10
11
5
9
1
1
7
5
6
10
6
5
4
12
10
9
10
8
7
2
10
6
1
1
3
3
10
9
2
11
7
9
2
12
3
11
12
6
1
6
3
8
10
10
1
12
11
11
9
5
9
9
5
2
9
11
3
10
6
12
8
3
11
4
10
7
6
11
8
12
9
9
4
11
1
2
6
8
1
12
9
9
1
1
4
6
11
6
10
5
4
12
8
2
1
7
7
7
4
1
8
4
1
11
4
12
10
8
11
1
8
5
5
3
9
5
7
12
2
2
2
7
5
8
6
12
7
12
11
4
6
2
11
3
3
8
1
10
6
8
6
9
7
2
1
1
4
2
8
1
3
9
4
11
3
11
11
11
9
4
12
3
12
6
10
5
10
6
8
8
6
10
3
7
11
11
4
1
9
10
12
6
2
5
11
6
6
10
11
12
9
6
2
12
3
8
5
3
10
8
3
4
2
11
6
