5
9
8
10
9
8
3
8
8
5
8
9
10
9
8
1
8
9
2
8
9
2
9
8
1
9
8
1
8
9
3
8
8
2
9
9
1
8
9
5
9
9
4
9
9
11
8
9
4
9
9
3
9
8
10
9
8
2
9
8
11
9
8
11
9
9
4
8
8
5
9
8
5
8
9
2
9
8
10
9
8
10
9
8
4
8
9
4
9
9
3
9
9
1
8
8
11
8
8
11
7
11
6
5
4
6
4
5
6
5
1
6
11
5
6
2
5
6
2
2
7
5
3
6
10
2
7
1
1
7
1
3
7
3
10
7
1
11
6
1
3
6
5
1
6
4
4
6
4
10
6
2
10
6
1
3
6
1
10
7
1
11
6
3
3
6
4
4
6
1
11
6
5
5
7
11
11
6
2
3
7
1
11
6
1
3
7
2
1
7
1
2
6
3
11
7
3
5
7
4
11
7
11
10
6
2
11
7
10
11
7
10
10
7
3
3
6
3
2
6
4
11
6
4
5
6
2
4
7
10
10
7
1
10
7
2
10
7
11
4
7
2
5
6
3
2
6
1
3
6
4
5
7
4
11
6
4
10
7
3
4
7
11
2
7
5
4
7
11
2
7
3
10
7
4
10
7
3
10
6
10
2
7
5
1
7
2
5
7
5
5
6
2
11
6
10
2
6
4
4
