10
2
5
4
2
2
3
11
10
6
10
6
5
2
1
3
1
3
10
1
5
8
11
6
7
7
2
7
6
5
10
5
5
7
4
6
9
7
4
11
6
8
8
1
11
1
6
4
11
7
4
9
6
4
9
8
2
2
5
8
7
3
5
11
9
9
11
8
1
9
9
3
8
7
4
6
6
3
9
8
3
2
8
10
7
8
10
10
9
1
5
1
6
6
6
7
8
1
5
11
9
10
11
4
8
2
8
4
8
7
5
1
1
3
1
2
10
10
5
9
2
4
8
8
10
5
8
10
9
8
2
11
6
8
1
11
11
3
10
11
10
5
4
9
1
7
11
2
11
9
6
3
2
5
3
3
10
11
7
9
9
4
7
1
4
7
2
3
6
10
7
2
4
9
10
1
3
1
7
1
9
2
10
1
6
10
4
8
2
4
4
2
5
9
3
3
9
6
9
7
10
6
11
6
10
7
11
1
1
8
3
1
10
8
4
6
10
11
11
2
5
8
3
3
11
9
6
1
9
5
3
7
4
4
1
6
2
5
8
7
2
4
6
8
5
7
5
10
1
3
1
5
6
11
7
5
3
3
8
4
4
6
11
3
5
2
11
10
10
9
5
9
7
6
2
8
6
9
4
4
8
4
2
7
2
11
3
8
9
7
1
3
11
1
6
5
2
5
3
10
