6
6
7
5
3
7
10
5
1
3
8
10
11
10
1
9
11
1
12
4
8
8
4
12
4
11
9
2
12
2
2
9
6
6
7
6
7
7
5
5
3
5
3
3
10
10
10
11
1
1
1
11
8
8
8
4
4
12
4
12
12
2
9
9
2
2
6
6
6
7
7
7
5
5
3
5
3
3
10
10
10
1
1
11
1
8
11
8
11
4
4
12
12
12
9
4
2
9
2
9
2
6
7
6
6
7
7
5
3
5
5
3
3
10
10
1
1
10
8
8
1
11
11
11
12
8
4
12
4
12
4
2
2
2
9
9
9
6
7
6
6
7
5
5
7
5
3
3
10
10
3
10
1
1
11
1
11
8
8
8
12
11
12
12
4
2
4
2
9
9
2
9
6
6
6
7
5
7
5
5
7
3
3
10
3
10
1
10
1
1
8
8
8
11
11
12
11
12
4
12
4
4
9
2
2
2
6
9
6
6
5
7
5
7
7
5
3
3
10
3
10
1
1
10
1
8
8
11
8
11
11
12
4
12
12
4
2
4
2
2
6
6
9
9
6
7
9
5
5
7
3
3
3
5
10
10
1
10
1
8
1
11
7
11
8
12
12
12
4
4
2
2
2
2
2
6
2
6
2
6
9
2
9
6
3
3
9
3
3
5
10
5
5
6
6
10
8
7
11
5
