7
3
5
2
8
7
11
4
9
8
6
3
11
10
3
2
1
9
2
8
1
7
9
7
2
4
6
1
2
5
1
7
1
5
6
4
3
11
5
7
3
8
2
11
2
6
1
7
2
10
9
3
8
6
2
11
10
5
9
3
9
1
7
3
5
9
8
5
3
11
10
2
10
6
11
6
11
9
6
7
5
4
7
11
9
1
9
1
4
11
4
7
7
8
3
4
6
7
10
5
7
8
9
4
11
9
11
7
8
9
1
2
1
10
7
1
10
4
3
11
6
8
3
9
8
6
7
4
10
1
3
4
1
8
5
11
5
3
8
5
6
8
3
9
4
6
5
2
9
8
3
6
11
3
1
5
4
3
11
6
3
8
5
9
2
9
2
9
4
11
5
4
5
4
3
4
9
1
3
1
11
5
9
8
10
6
11
3
1
11
4
10
7
8
3
8
6
7
11
8
10
4
8
7
8
9
1
4
6
8
4
7
1
6
1
2
10
6
2
8
7
2
3
11
9
7
9
11
10
8
5
4
3
1
11
1
7
9
4
10
2
11
2
6
10
2
8
1
9
2
1
5
10
5
4
11
10
2
4
7
11
10
5
1
7
3
10
3
7
10
9
6
7
5
9
8
7
9
2
7
4
4
3
6
7
5
6
10
9
6
2
6
5
9
10
8
6
10
1
5
