7
13
12
6
9
12
11
2
9
2
12
10
4
2
8
11
3
5
13
10
7
9
3
1
5
11
7
4
13
1
12
9
2
5
5
6
10
7
12
4
9
5
8
2
3
3
6
10
4
2
9
8
13
11
10
9
8
7
4
4
6
12
11
8
11
9
6
1
1
11
6
7
11
5
1
3
11
10
1
3
4
3
7
3
6
2
13
13
9
2
10
4
12
13
5
6
12
1
1
8
11
5
3
8
5
2
4
9
13
8
10
3
7
6
7
12
10
13
1
8
1
4
4
3
1
5
1
10
13
6
5
4
6
2
2
7
9
8
8
13
3
3
1
2
4
9
13
7
12
10
10
9
3
8
1
12
6
9
12
12
8
11
11
4
10
7
4
3
13
11
13
7
11
5
2
13
7
3
1
5
9
6
5
11
2
10
8
10
13
1
13
8
4
8
2
4
12
6
10
9
7
2
3
3
1
12
5
6
7
9
4
1
5
4
7
1
9
6
12
12
4
12
10
11
2
7
4
5
3
10
11
10
13
8
10
9
3
5
7
6
8
7
13
4
11
8
3
13
2
9
5
11
7
13
1
7
11
10
1
6
12
10
3
2
6
5
12
5
9
13
1
4
11
1
8
2
5
6
13
7
5
8
9
3
6
12
8
7
9
6
6
11
2
8
12
6
2
5
2
11
