1
2
5
9
11
10
12
7
11
9
12
2
7
9
6
4
7
3
5
11
5
11
5
10
7
12
2
7
6
8
1
7
2
9
9
5
9
3
12
6
11
11
6
8
5
4
11
11
9
3
11
2
12
5
9
2
8
10
8
8
1
12
10
2
11
5
8
5
6
12
2
2
2
8
9
4
8
3
7
5
5
7
9
8
6
10
7
9
2
2
1
12
3
11
6
3
12
9
6
6
6
3
11
8
12
4
8
9
8
11
6
7
5
8
5
12
5
11
6
2
4
7
10
3
10
3
11
9
3
5
2
11
6
8
11
1
12
5
6
6
6
11
8
12
2
12
8
12
5
2
4
10
6
6
12
3
7
2
11
10
7
9
3
10
8
4
12
5
11
7
6
12
11
12
3
3
12
5
7
12
4
11
8
6
9
3
5
6
3
5
12
8
9
2
2
4
5
10
7
6
9
6
10
10
6
9
7
3
10
10
4
2
3
11
2
5
12
8
9
7
10
7
9
5
11
1
12
3
2
3
3
10
2
11
12
8
8
7
8
8
1
2
9
11
3
5
10
12
2
10
8
9
6
8
7
1
7
10
11
10
2
5
5
9
7
12
8
12
3
10
1
3
8
9
6
7
6
10
11
10
7
8
2
10
10
4
8
7
9
8
3
7
3
9
2
3
10
5
7
11
