10
10
10
8
8
8
8
11
11
11
11
11
13
13
13
1
13
7
1
1
1
1
7
7
7
7
5
5
5
5
5
3
3
3
3
3
12
9
12
12
12
12
9
9
9
9
4
4
4
4
4
2
2
2
2
2
6
6
6
6
6
6
10
10
10
10
10
8
8
8
8
8
11
11
11
11
11
13
13
13
13
13
1
1
1
1
7
7
7
7
7
5
5
5
5
5
3
3
3
3
3
3
12
12
12
12
12
9
9
9
9
9
4
4
4
4
4
2
2
2
2
2
6
6
6
6
6
10
10
10
10
10
8
8
8
8
8
11
11
11
11
11
13
13
13
13
1
1
1
1
7
7
7
7
7
7
5
5
7
7
7
5
5
5
3
3
3
5
12
3
12
12
9
9
9
3
9
4
4
3
12
9
2
9
2
5
4
12
6
2
3
5
6
7
4
9
12
3
12
7
5
8
8
12
8
10
4
3
11
2
9
2
11
13
11
8
10
1
1
6
10
8
4
5
7
4
13
10
10
8
1
6
4
11
4
3
10
4
1
6
4
9
13
10
11
2
13
2
8
8
12
6
9
10
13
11
7
5
1
12
11
6
6
10
5
6
2
2
13
1
1
13
9
11
10
6
4
12
6
7
1
4
13
3
12
6
12
2
2
2
13
11
2
6
10
5
8
1
9
4
