7
3
7
3
7
3
7
3
7
3
7
3
7
3
7
3
7
7
3
7
3
7
3
7
3
7
3
7
3
1
9
4
9
6
2
5
8
9
6
2
6
8
2
4
8
5
9
4
5
4
8
5
1
6
2
8
2
1
9
4
5
8
1
8
9
6
1
6
5
6
5
1
2
6
8
6
5
1
9
2
1
6
4
9
1
4
6
5
8
5
6
8
4
8
5
2
6
2
4
2
8
4
5
6
4
8
5
2
1
4
2
9
8
9
2
6
2
9
2
8
1
9
4
2
9
6
9
8
2
9
4
6
4
6
1
5
4
1
6
5
8
6
1
8
1
6
1
2
9
1
6
2
9
5
8
2
9
6
8
1
4
6
8
4
6
4
8
9
2
4
5
6
5
1
6
2
4
5
1
5
6
5
9
5
1
5
9
4
6
1
8
9
4
8
9
2
4
1
4
8
5
1
9
5
4
2
4
8
5
9
2
5
2
8
4
6
1
2
5
9
6
8
6
1
5
1
8
9
4
2
9
1
5
4
8
4
1
8
1
9
1
2
4
9
8
1
6
5
6
1
2
9
1
9
1
6
1
5
1
8
6
1
8
5
2
4
6
9
5
2
9
1
8
4
8
2
9
5
2
5
2
5
9
6
8
4
2
9
6
4
2
9
2
8
4
5
4
8
2
4
