7
7
7
7
5
8
5
8
3
14
3
15
2
3
5
8
15
14
14
14
15
3
8
2
2
12
4
1
13
12
13
4
10
12
10
10
6
12
4
10
13
13
10
10
1
13
11
9
6
4
6
13
6
9
9
10
9
1
12
11
10
13
9
11
1
12
13
11
10
12
1
12
11
11
1
10
1
9
9
4
11
13
1
1
6
11
4
13
12
6
13
1
4
6
12
13
9
12
11
10
13
1
6
6
10
10
13
9
4
9
12
9
4
13
12
9
13
1
4
11
12
9
4
4
10
9
13
6
10
11
12
4
12
6
13
6
9
4
4
9
11
9
10
6
12
1
13
12
11
11
6
6
1
6
1
13
9
15
8
8
10
1
3
10
6
4
9
8
10
3
6
4
6
11
4
8
3
2
3
11
5
15
13
8
1
1
11
4
10
13
11
6
1
5
10
2
15
2
3
5
5
6
15
13
15
2
12
12
9
14
14
9
14
9
12
14
12
14
12
12
14
6
15
13
6
4
10
8
8
4
10
9
5
10
5
11
2
13
1
8
15
3
5
15
1
1
8
13
1
10
5
11
11
11
1
6
15
8
9
3
15
6
11
13
10
2
3
3
2
4
4
2
4
3
2
13
5
5
10
4
11
12
1
14
14
8
2
6
9
11
5
15
3
3
2
13
7
7
7
7
