6
11
12
10
9
9
2
1
2
10
2
6
4
11
6
4
9
6
1
6
5
7
1
12
5
12
12
4
1
8
3
8
8
10
4
7
6
4
8
12
9
6
10
9
11
9
4
12
12
6
2
2
7
12
12
5
7
1
2
5
7
6
1
2
4
2
10
9
10
5
3
3
3
5
3
3
7
4
10
2
11
9
12
12
7
6
4
1
2
11
9
10
3
3
2
3
9
3
6
7
8
12
5
3
9
12
11
12
6
1
11
5
8
7
12
12
8
3
6
4
8
9
12
10
4
8
9
11
7
3
1
12
2
9
7
6
11
9
4
1
10
1
6
7
4
7
9
8
8
4
11
1
7
5
2
3
6
5
2
11
1
10
5
5
3
1
2
9
9
11
8
7
4
1
11
5
8
5
4
1
10
8
3
8
6
7
7
5
11
2
9
5
11
6
11
10
11
11
7
10
8
7
11
7
3
10
1
12
12
12
5
4
1
2
2
3
8
10
12
10
1
3
10
2
9
2
10
2
2
8
5
1
9
8
1
11
9
10
10
6
11
4
11
12
6
3
4
1
12
7
10
10
6
9
3
3
8
4
6
11
10
6
4
10
2
9
12
7
8
2
4
4
6
5
1
12
8
3
10
11
7
9
5
3
1
7
8
3
7
6
1
7
6
8
5
5
5
2
5
4
